[ 2016-11-17T11:18:19+08:00 ] 127.0.0.1 /index.php/Home/Role/index.html
INFO: [ app_init ] --START--
INFO: Run Behavior\BuildLiteBehavior [ RunTime:0.000018s ]
INFO: [ app_init ] --END-- [ RunTime:0.012813s ]
INFO: [ app_begin ] --START--
INFO: Run Behavior\ReadHtmlCacheBehavior [ RunTime:0.017302s ]
INFO: [ app_begin ] --END-- [ RunTime:0.017364s ]
INFO: [ action_begin ] --START--
SQL: SHOW COLUMNS FROM `admin` [ RunTime:0.0234s ]
SQL: SELECT * FROM `admin` WHERE `id` = 5 AND `token` <> '' LIMIT 1   [ RunTime:0.0006s ]
SQL: UPDATE `admin` SET `token`='etcnZERlvCFXVlHHgycKKlYWLMhEGjYe' WHERE `id` = 5 [ RunTime:0.0068s ]
SQL: SHOW COLUMNS FROM `admin_role` [ RunTime:0.0177s ]
SQL: SELECT p.id,`path` FROM admin_role ar INNER JOIN Role_Permission as rp using(role_id) INNER JOIN Permission as p on rp.permission_id=p.id  WHERE ar.admin_id = '5'  [ RunTime:0.0009s ]

[ 2016-11-17T11:18:32+08:00 ] 127.0.0.1 /
INFO: [ app_init ] --START--
INFO: Run Behavior\BuildLiteBehavior [ RunTime:0.000021s ]
INFO: [ app_init ] --END-- [ RunTime:0.000939s ]
INFO: [ app_begin ] --START--
INFO: Run Behavior\ReadHtmlCacheBehavior [ RunTime:0.000799s ]
INFO: [ app_begin ] --END-- [ RunTime:0.000849s ]
INFO: [ action_begin ] --START--
INFO: Run \Home\Behaviors\CheckBehavior [ RunTime:0.000935s ]
INFO: [ action_begin ] --END-- [ RunTime:0.000995s ]
INFO: [ view_parse ] --START--
INFO: [ template_filter ] --START--
INFO: Run Behavior\ContentReplaceBehavior [ RunTime:0.000051s ]
INFO: [ template_filter ] --END-- [ RunTime:0.000101s ]
INFO: Run Behavior\ParseTemplateBehavior [ RunTime:0.109456s ]
INFO: [ view_parse ] --END-- [ RunTime:0.109546s ]
INFO: [ view_filter ] --START--
INFO: Run Behavior\WriteHtmlCacheBehavior [ RunTime:0.012760s ]
INFO: [ view_filter ] --END-- [ RunTime:0.012812s ]
INFO: [ app_end ] --START--
INFO: Run Behavior\ShowPageTraceBehavior [ RunTime:0.009769s ]
INFO: [ app_end ] --END-- [ RunTime:0.009815s ]

[ 2016-11-17T11:18:32+08:00 ] 127.0.0.1 /index.php/Home/Index/top.html
INFO: [ app_init ] --START--
INFO: Run Behavior\BuildLiteBehavior [ RunTime:0.000014s ]
INFO: [ app_init ] --END-- [ RunTime:0.000346s ]
INFO: [ app_begin ] --START--
INFO: Run Behavior\ReadHtmlCacheBehavior [ RunTime:0.000804s ]
INFO: [ app_begin ] --END-- [ RunTime:0.000878s ]
INFO: [ action_begin ] --START--
INFO: Run \Home\Behaviors\CheckBehavior [ RunTime:0.000880s ]
INFO: [ action_begin ] --END-- [ RunTime:0.000946s ]
INFO: [ view_parse ] --START--
INFO: [ template_filter ] --START--
INFO: Run Behavior\ContentReplaceBehavior [ RunTime:0.000070s ]
INFO: [ template_filter ] --END-- [ RunTime:0.000120s ]
INFO: Run Behavior\ParseTemplateBehavior [ RunTime:0.021692s ]
INFO: [ view_parse ] --END-- [ RunTime:0.021761s ]
INFO: [ view_filter ] --START--
INFO: Run Behavior\WriteHtmlCacheBehavior [ RunTime:0.000324s ]
INFO: [ view_filter ] --END-- [ RunTime:0.000368s ]
INFO: [ app_end ] --START--
INFO: Run Behavior\ShowPageTraceBehavior [ RunTime:0.000687s ]
INFO: [ app_end ] --END-- [ RunTime:0.000740s ]

[ 2016-11-17T11:18:32+08:00 ] 127.0.0.1 /index.php/Home/Index/main.html
INFO: [ app_init ] --START--
INFO: Run Behavior\BuildLiteBehavior [ RunTime:0.000021s ]
INFO: [ app_init ] --END-- [ RunTime:0.000550s ]
INFO: [ app_begin ] --START--
INFO: Run Behavior\ReadHtmlCacheBehavior [ RunTime:0.001287s ]
INFO: [ app_begin ] --END-- [ RunTime:0.001436s ]
INFO: [ action_begin ] --START--
INFO: Run \Home\Behaviors\CheckBehavior [ RunTime:0.001448s ]
INFO: [ action_begin ] --END-- [ RunTime:0.001554s ]
INFO: [ view_parse ] --START--
INFO: [ template_filter ] --START--
INFO: Run Behavior\ContentReplaceBehavior [ RunTime:0.000072s ]
INFO: [ template_filter ] --END-- [ RunTime:0.000129s ]
INFO: Run Behavior\ParseTemplateBehavior [ RunTime:0.036147s ]
INFO: [ view_parse ] --END-- [ RunTime:0.036240s ]
INFO: [ view_filter ] --START--
INFO: Run Behavior\WriteHtmlCacheBehavior [ RunTime:0.000431s ]
INFO: [ view_filter ] --END-- [ RunTime:0.000468s ]
INFO: [ app_end ] --START--
INFO: Run Behavior\ShowPageTraceBehavior [ RunTime:0.001290s ]
INFO: [ app_end ] --END-- [ RunTime:0.001355s ]

[ 2016-11-17T11:18:32+08:00 ] 127.0.0.1 /index.php/Home/Index/menu.html
INFO: [ app_init ] --START--
INFO: Run Behavior\BuildLiteBehavior [ RunTime:0.000044s ]
INFO: [ app_init ] --END-- [ RunTime:0.000705s ]
INFO: [ app_begin ] --START--
INFO: Run Behavior\ReadHtmlCacheBehavior [ RunTime:0.000710s ]
INFO: [ app_begin ] --END-- [ RunTime:0.000763s ]
INFO: [ action_begin ] --START--
INFO: Run \Home\Behaviors\CheckBehavior [ RunTime:0.001691s ]
INFO: [ action_begin ] --END-- [ RunTime:0.001877s ]
SQL: SHOW COLUMNS FROM `menu` [ RunTime:0.0257s ]
SQL: SELECT DISTINCT  m.id,m.name,m.path,m.parent_id FROM menu m INNER JOIN menu_permission as mp ON m.`id`=mp.`menu_id`  WHERE `permission_id` IN ('5','12','13','14','8','9','10','11','15','16','17','18')  [ RunTime:0.0015s ]
INFO: [ view_parse ] --START--
INFO: [ template_filter ] --START--
INFO: Run Behavior\ContentReplaceBehavior [ RunTime:0.000371s ]
INFO: [ template_filter ] --END-- [ RunTime:0.000640s ]
INFO: Run Behavior\ParseTemplateBehavior [ RunTime:0.101793s ]
INFO: [ view_parse ] --END-- [ RunTime:0.101863s ]
INFO: [ view_filter ] --START--
INFO: Run Behavior\WriteHtmlCacheBehavior [ RunTime:0.000642s ]
INFO: [ view_filter ] --END-- [ RunTime:0.000701s ]
INFO: [ app_end ] --START--
INFO: Run Behavior\ShowPageTraceBehavior [ RunTime:0.001343s ]
INFO: [ app_end ] --END-- [ RunTime:0.001543s ]

[ 2016-11-17T11:18:43+08:00 ] 127.0.0.1 /index.php/Home/brand/index.html
INFO: [ app_init ] --START--
INFO: Run Behavior\BuildLiteBehavior [ RunTime:0.000021s ]
INFO: [ app_init ] --END-- [ RunTime:0.000602s ]
INFO: [ app_begin ] --START--
INFO: Run Behavior\ReadHtmlCacheBehavior [ RunTime:0.001074s ]
INFO: [ app_begin ] --END-- [ RunTime:0.001148s ]
INFO: [ action_begin ] --START--
INFO: Run \Home\Behaviors\CheckBehavior [ RunTime:0.001622s ]
INFO: [ action_begin ] --END-- [ RunTime:0.001716s ]
SQL: SHOW COLUMNS FROM `brand` [ RunTime:0.0187s ]
SQL: SELECT COUNT(*) AS tp_count FROM `brand` WHERE `brandShow` <> -1 LIMIT 1   [ RunTime:0.0004s ]
SQL: SELECT * FROM `brand` WHERE `brandShow` <> -1 LIMIT 0,3   [ RunTime:0.0003s ]
INFO: [ view_parse ] --START--
INFO: [ template_filter ] --START--
INFO: Run Behavior\ContentReplaceBehavior [ RunTime:0.000095s ]
INFO: [ template_filter ] --END-- [ RunTime:0.000160s ]
NOTIC: [8] Undefined variable: val C:\web\paopao\admin.shop.com\Application\Runtime\Cache\Home\71c02c7fc19ac63fd395c35404938535.php 第 45 行.
NOTIC: [8] Undefined variable: val C:\web\paopao\admin.shop.com\Application\Runtime\Cache\Home\71c02c7fc19ac63fd395c35404938535.php 第 45 行.
NOTIC: [8] Undefined variable: val C:\web\paopao\admin.shop.com\Application\Runtime\Cache\Home\71c02c7fc19ac63fd395c35404938535.php 第 45 行.
INFO: Run Behavior\ParseTemplateBehavior [ RunTime:0.021513s ]
INFO: [ view_parse ] --END-- [ RunTime:0.021578s ]
INFO: [ view_filter ] --START--
INFO: Run Behavior\WriteHtmlCacheBehavior [ RunTime:0.000419s ]
INFO: [ view_filter ] --END-- [ RunTime:0.000454s ]
INFO: [ app_end ] --START--
INFO: Run Behavior\ShowPageTraceBehavior [ RunTime:0.000651s ]
INFO: [ app_end ] --END-- [ RunTime:0.000689s ]

[ 2016-11-17T11:18:44+08:00 ] 127.0.0.1 /index.php/Home/brand/index.html
INFO: [ app_init ] --START--
INFO: Run Behavior\BuildLiteBehavior [ RunTime:0.000021s ]
INFO: [ app_init ] --END-- [ RunTime:0.000580s ]
INFO: [ app_begin ] --START--
INFO: Run Behavior\ReadHtmlCacheBehavior [ RunTime:0.001150s ]
INFO: [ app_begin ] --END-- [ RunTime:0.001238s ]
INFO: [ action_begin ] --START--
INFO: Run \Home\Behaviors\CheckBehavior [ RunTime:0.001826s ]
INFO: [ action_begin ] --END-- [ RunTime:0.001941s ]
SQL: SHOW COLUMNS FROM `brand` [ RunTime:0.0191s ]
SQL: SELECT COUNT(*) AS tp_count FROM `brand` WHERE `brandShow` <> -1 LIMIT 1   [ RunTime:0.0005s ]
SQL: SELECT * FROM `brand` WHERE `brandShow` <> -1 LIMIT 0,3   [ RunTime:0.0004s ]
INFO: [ view_parse ] --START--
INFO: [ template_filter ] --START--
INFO: Run Behavior\ContentReplaceBehavior [ RunTime:0.000073s ]
INFO: [ template_filter ] --END-- [ RunTime:0.000128s ]
NOTIC: [8] Undefined variable: val C:\web\paopao\admin.shop.com\Application\Runtime\Cache\Home\71c02c7fc19ac63fd395c35404938535.php 第 45 行.
NOTIC: [8] Undefined variable: val C:\web\paopao\admin.shop.com\Application\Runtime\Cache\Home\71c02c7fc19ac63fd395c35404938535.php 第 45 行.
NOTIC: [8] Undefined variable: val C:\web\paopao\admin.shop.com\Application\Runtime\Cache\Home\71c02c7fc19ac63fd395c35404938535.php 第 45 行.
INFO: Run Behavior\ParseTemplateBehavior [ RunTime:0.009046s ]
INFO: [ view_parse ] --END-- [ RunTime:0.009109s ]
INFO: [ view_filter ] --START--
INFO: Run Behavior\WriteHtmlCacheBehavior [ RunTime:0.000482s ]
INFO: [ view_filter ] --END-- [ RunTime:0.000518s ]
INFO: [ app_end ] --START--
INFO: Run Behavior\ShowPageTraceBehavior [ RunTime:0.000854s ]
INFO: [ app_end ] --END-- [ RunTime:0.000900s ]

[ 2016-11-17T11:18:44+08:00 ] 127.0.0.1 /index.php/Home/brand/add.html
INFO: [ app_init ] --START--
INFO: Run Behavior\BuildLiteBehavior [ RunTime:0.000021s ]
INFO: [ app_init ] --END-- [ RunTime:0.000583s ]
INFO: [ app_begin ] --START--
INFO: Run Behavior\ReadHtmlCacheBehavior [ RunTime:0.001280s ]
INFO: [ app_begin ] --END-- [ RunTime:0.001382s ]
INFO: [ action_begin ] --START--
INFO: Run \Home\Behaviors\CheckBehavior [ RunTime:0.001481s ]
INFO: [ action_begin ] --END-- [ RunTime:0.001568s ]
INFO: [ view_parse ] --START--
INFO: [ template_filter ] --START--
INFO: Run Behavior\ContentReplaceBehavior [ RunTime:0.000070s ]
INFO: [ template_filter ] --END-- [ RunTime:0.000116s ]
NOTIC: [8] Undefined variable: row C:\web\paopao\admin.shop.com\Application\Runtime\Cache\Home\ff3a564f4591b71cffbc8f182bde1ab9.php 第 28 行.
NOTIC: [8] Undefined variable: row C:\web\paopao\admin.shop.com\Application\Runtime\Cache\Home\ff3a564f4591b71cffbc8f182bde1ab9.php 第 35 行.
NOTIC: [8] Undefined variable: row C:\web\paopao\admin.shop.com\Application\Runtime\Cache\Home\ff3a564f4591b71cffbc8f182bde1ab9.php 第 42 行.
NOTIC: [8] Undefined variable: row C:\web\paopao\admin.shop.com\Application\Runtime\Cache\Home\ff3a564f4591b71cffbc8f182bde1ab9.php 第 43 行.
NOTIC: [8] Undefined variable: row C:\web\paopao\admin.shop.com\Application\Runtime\Cache\Home\ff3a564f4591b71cffbc8f182bde1ab9.php 第 49 行.
NOTIC: [8] Undefined variable: row C:\web\paopao\admin.shop.com\Application\Runtime\Cache\Home\ff3a564f4591b71cffbc8f182bde1ab9.php 第 67 行.
INFO: Run Behavior\ParseTemplateBehavior [ RunTime:0.043801s ]
INFO: [ view_parse ] --END-- [ RunTime:0.043855s ]
INFO: [ view_filter ] --START--
INFO: Run Behavior\WriteHtmlCacheBehavior [ RunTime:0.000455s ]
INFO: [ view_filter ] --END-- [ RunTime:0.000492s ]
INFO: [ app_end ] --START--
INFO: Run Behavior\ShowPageTraceBehavior [ RunTime:0.000638s ]
INFO: [ app_end ] --END-- [ RunTime:0.000684s ]

[ 2016-11-17T11:18:45+08:00 ] 127.0.0.1 /index.php/Home/brand/
INFO: [ app_init ] --START--
INFO: Run Behavior\BuildLiteBehavior [ RunTime:0.000021s ]
INFO: [ app_init ] --END-- [ RunTime:0.000730s ]
INFO: [ app_begin ] --START--
INFO: Run Behavior\ReadHtmlCacheBehavior [ RunTime:0.000906s ]
INFO: [ app_begin ] --END-- [ RunTime:0.000976s ]
INFO: [ action_begin ] --START--
INFO: Run \Home\Behaviors\CheckBehavior [ RunTime:0.000895s ]
INFO: [ action_begin ] --END-- [ RunTime:0.000942s ]
SQL: SHOW COLUMNS FROM `brand` [ RunTime:0.0175s ]
SQL: SELECT COUNT(*) AS tp_count FROM `brand` WHERE `brandShow` <> -1 LIMIT 1   [ RunTime:0.0004s ]
SQL: SELECT * FROM `brand` WHERE `brandShow` <> -1 LIMIT 0,3   [ RunTime:0.0003s ]
INFO: [ view_parse ] --START--
INFO: [ template_filter ] --START--
INFO: Run Behavior\ContentReplaceBehavior [ RunTime:0.000066s ]
INFO: [ template_filter ] --END-- [ RunTime:0.000119s ]
NOTIC: [8] Undefined variable: val C:\web\paopao\admin.shop.com\Application\Runtime\Cache\Home\71c02c7fc19ac63fd395c35404938535.php 第 45 行.
NOTIC: [8] Undefined variable: val C:\web\paopao\admin.shop.com\Application\Runtime\Cache\Home\71c02c7fc19ac63fd395c35404938535.php 第 45 行.
NOTIC: [8] Undefined variable: val C:\web\paopao\admin.shop.com\Application\Runtime\Cache\Home\71c02c7fc19ac63fd395c35404938535.php 第 45 行.
INFO: Run Behavior\ParseTemplateBehavior [ RunTime:0.008747s ]
INFO: [ view_parse ] --END-- [ RunTime:0.008793s ]
INFO: [ view_filter ] --START--
INFO: Run Behavior\WriteHtmlCacheBehavior [ RunTime:0.000422s ]
INFO: [ view_filter ] --END-- [ RunTime:0.000457s ]
INFO: [ app_end ] --START--
INFO: Run Behavior\ShowPageTraceBehavior [ RunTime:0.000653s ]
INFO: [ app_end ] --END-- [ RunTime:0.000691s ]

[ 2016-11-17T11:18:46+08:00 ] 127.0.0.1 /index.php/Home/GoodsCategory/add.html
INFO: [ app_init ] --START--
INFO: Run Behavior\BuildLiteBehavior [ RunTime:0.000020s ]
INFO: [ app_init ] --END-- [ RunTime:0.000579s ]
INFO: [ app_begin ] --START--
INFO: Run Behavior\ReadHtmlCacheBehavior [ RunTime:0.001084s ]
INFO: [ app_begin ] --END-- [ RunTime:0.001163s ]
INFO: [ action_begin ] --START--
INFO: Run \Home\Behaviors\CheckBehavior [ RunTime:0.000987s ]
INFO: [ action_begin ] --END-- [ RunTime:0.001048s ]
SQL: SHOW COLUMNS FROM `goods_category` [ RunTime:0.0204s ]
SQL: SELECT * FROM `goods_category` ORDER BY lft  [ RunTime:0.0005s ]
INFO: [ view_parse ] --START--
INFO: [ template_filter ] --START--
INFO: Run Behavior\ContentReplaceBehavior [ RunTime:0.000078s ]
INFO: [ template_filter ] --END-- [ RunTime:0.000137s ]
NOTIC: [8] Undefined variable: row C:\web\paopao\admin.shop.com\Application\Runtime\Cache\Home\5d3330dbb66ef37d5fe3bbb1197e5f91.php 第 25 行.
INFO: Run Behavior\ParseTemplateBehavior [ RunTime:0.046525s ]
INFO: [ view_parse ] --END-- [ RunTime:0.046608s ]
INFO: [ view_filter ] --START--
INFO: Run Behavior\WriteHtmlCacheBehavior [ RunTime:0.000395s ]
INFO: [ view_filter ] --END-- [ RunTime:0.000429s ]
INFO: [ app_end ] --START--
INFO: Run Behavior\ShowPageTraceBehavior [ RunTime:0.000625s ]
INFO: [ app_end ] --END-- [ RunTime:0.000660s ]

[ 2016-11-17T11:18:46+08:00 ] 127.0.0.1 /index.php/Home/GoodsCategory/index.html
INFO: [ app_init ] --START--
INFO: Run Behavior\BuildLiteBehavior [ RunTime:0.000022s ]
INFO: [ app_init ] --END-- [ RunTime:0.000591s ]
INFO: [ app_begin ] --START--
INFO: Run Behavior\ReadHtmlCacheBehavior [ RunTime:0.001072s ]
INFO: [ app_begin ] --END-- [ RunTime:0.001153s ]
INFO: [ action_begin ] --START--
INFO: Run \Home\Behaviors\CheckBehavior [ RunTime:0.001446s ]
INFO: [ action_begin ] --END-- [ RunTime:0.001522s ]
SQL: SHOW COLUMNS FROM `goods_category` [ RunTime:0.0148s ]
SQL: SELECT * FROM `goods_category` ORDER BY lft  [ RunTime:0.0003s ]
INFO: [ view_parse ] --START--
INFO: [ template_filter ] --START--
INFO: Run Behavior\ContentReplaceBehavior [ RunTime:0.000057s ]
INFO: [ template_filter ] --END-- [ RunTime:0.000102s ]
INFO: Run Behavior\ParseTemplateBehavior [ RunTime:0.044396s ]
INFO: [ view_parse ] --END-- [ RunTime:0.044493s ]
INFO: [ view_filter ] --START--
INFO: Run Behavior\WriteHtmlCacheBehavior [ RunTime:0.000447s ]
INFO: [ view_filter ] --END-- [ RunTime:0.000495s ]
INFO: [ app_end ] --START--
INFO: Run Behavior\ShowPageTraceBehavior [ RunTime:0.000629s ]
INFO: [ app_end ] --END-- [ RunTime:0.000667s ]

[ 2016-11-17T11:18:48+08:00 ] 127.0.0.1 /index.php/Home/GoodsCategory/add.html
INFO: [ app_init ] --START--
INFO: Run Behavior\BuildLiteBehavior [ RunTime:0.000021s ]
INFO: [ app_init ] --END-- [ RunTime:0.000587s ]
INFO: [ app_begin ] --START--
INFO: Run Behavior\ReadHtmlCacheBehavior [ RunTime:0.000673s ]
INFO: [ app_begin ] --END-- [ RunTime:0.000729s ]
INFO: [ action_begin ] --START--
INFO: Run \Home\Behaviors\CheckBehavior [ RunTime:0.001824s ]
INFO: [ action_begin ] --END-- [ RunTime:0.001896s ]
SQL: SHOW COLUMNS FROM `goods_category` [ RunTime:0.0173s ]
SQL: SELECT * FROM `goods_category` ORDER BY lft  [ RunTime:0.0003s ]
INFO: [ view_parse ] --START--
INFO: [ template_filter ] --START--
INFO: Run Behavior\ContentReplaceBehavior [ RunTime:0.000126s ]
INFO: [ template_filter ] --END-- [ RunTime:0.000229s ]
NOTIC: [8] Undefined variable: row C:\web\paopao\admin.shop.com\Application\Runtime\Cache\Home\5d3330dbb66ef37d5fe3bbb1197e5f91.php 第 25 行.
INFO: Run Behavior\ParseTemplateBehavior [ RunTime:0.008869s ]
INFO: [ view_parse ] --END-- [ RunTime:0.008942s ]
INFO: [ view_filter ] --START--
INFO: Run Behavior\WriteHtmlCacheBehavior [ RunTime:0.000663s ]
INFO: [ view_filter ] --END-- [ RunTime:0.000713s ]
INFO: [ app_end ] --START--
INFO: Run Behavior\ShowPageTraceBehavior [ RunTime:0.000875s ]
INFO: [ app_end ] --END-- [ RunTime:0.000925s ]

[ 2016-11-17T11:18:49+08:00 ] 127.0.0.1 /index.php/Home/GoodsCategory/index.html
INFO: [ app_init ] --START--
INFO: Run Behavior\BuildLiteBehavior [ RunTime:0.000014s ]
INFO: [ app_init ] --END-- [ RunTime:0.000381s ]
INFO: [ app_begin ] --START--
INFO: Run Behavior\ReadHtmlCacheBehavior [ RunTime:0.000796s ]
INFO: [ app_begin ] --END-- [ RunTime:0.000849s ]
INFO: [ action_begin ] --START--
INFO: Run \Home\Behaviors\CheckBehavior [ RunTime:0.000880s ]
INFO: [ action_begin ] --END-- [ RunTime:0.000928s ]
SQL: SHOW COLUMNS FROM `goods_category` [ RunTime:0.0173s ]
SQL: SELECT * FROM `goods_category` ORDER BY lft  [ RunTime:0.0003s ]
INFO: [ view_parse ] --START--
INFO: [ template_filter ] --START--
INFO: Run Behavior\ContentReplaceBehavior [ RunTime:0.000059s ]
INFO: [ template_filter ] --END-- [ RunTime:0.000121s ]
INFO: Run Behavior\ParseTemplateBehavior [ RunTime:0.009123s ]
INFO: [ view_parse ] --END-- [ RunTime:0.009194s ]
INFO: [ view_filter ] --START--
INFO: Run Behavior\WriteHtmlCacheBehavior [ RunTime:0.000404s ]
INFO: [ view_filter ] --END-- [ RunTime:0.000441s ]
INFO: [ app_end ] --START--
INFO: Run Behavior\ShowPageTraceBehavior [ RunTime:0.000668s ]
INFO: [ app_end ] --END-- [ RunTime:0.000706s ]

[ 2016-11-17T11:18:50+08:00 ] 127.0.0.1 /index.php/Home/brand/index.html
INFO: [ app_init ] --START--
INFO: Run Behavior\BuildLiteBehavior [ RunTime:0.000022s ]
INFO: [ app_init ] --END-- [ RunTime:0.000595s ]
INFO: [ app_begin ] --START--
INFO: Run Behavior\ReadHtmlCacheBehavior [ RunTime:0.001039s ]
INFO: [ app_begin ] --END-- [ RunTime:0.001126s ]
INFO: [ action_begin ] --START--
INFO: Run \Home\Behaviors\CheckBehavior [ RunTime:0.001500s ]
INFO: [ action_begin ] --END-- [ RunTime:0.001586s ]
SQL: SHOW COLUMNS FROM `brand` [ RunTime:0.0154s ]
SQL: SELECT COUNT(*) AS tp_count FROM `brand` WHERE `brandShow` <> -1 LIMIT 1   [ RunTime:0.0003s ]
SQL: SELECT * FROM `brand` WHERE `brandShow` <> -1 LIMIT 0,3   [ RunTime:0.0003s ]
INFO: [ view_parse ] --START--
INFO: [ template_filter ] --START--
INFO: Run Behavior\ContentReplaceBehavior [ RunTime:0.000063s ]
INFO: [ template_filter ] --END-- [ RunTime:0.000113s ]
NOTIC: [8] Undefined variable: val C:\web\paopao\admin.shop.com\Application\Runtime\Cache\Home\71c02c7fc19ac63fd395c35404938535.php 第 45 行.
NOTIC: [8] Undefined variable: val C:\web\paopao\admin.shop.com\Application\Runtime\Cache\Home\71c02c7fc19ac63fd395c35404938535.php 第 45 行.
NOTIC: [8] Undefined variable: val C:\web\paopao\admin.shop.com\Application\Runtime\Cache\Home\71c02c7fc19ac63fd395c35404938535.php 第 45 行.
INFO: Run Behavior\ParseTemplateBehavior [ RunTime:0.009759s ]
INFO: [ view_parse ] --END-- [ RunTime:0.009805s ]
INFO: [ view_filter ] --START--
INFO: Run Behavior\WriteHtmlCacheBehavior [ RunTime:0.000395s ]
INFO: [ view_filter ] --END-- [ RunTime:0.000443s ]
INFO: [ app_end ] --START--
INFO: Run Behavior\ShowPageTraceBehavior [ RunTime:0.000628s ]
INFO: [ app_end ] --END-- [ RunTime:0.000666s ]

[ 2016-11-17T11:18:50+08:00 ] 127.0.0.1 /index.php/Home/brand/index.html
INFO: [ app_init ] --START--
INFO: Run Behavior\BuildLiteBehavior [ RunTime:0.000022s ]
INFO: [ app_init ] --END-- [ RunTime:0.000602s ]
INFO: [ app_begin ] --START--
INFO: Run Behavior\ReadHtmlCacheBehavior [ RunTime:0.001120s ]
INFO: [ app_begin ] --END-- [ RunTime:0.001227s ]
INFO: [ action_begin ] --START--
INFO: Run \Home\Behaviors\CheckBehavior [ RunTime:0.001807s ]
INFO: [ action_begin ] --END-- [ RunTime:0.001912s ]
SQL: SHOW COLUMNS FROM `brand` [ RunTime:0.0104s ]
SQL: SELECT COUNT(*) AS tp_count FROM `brand` WHERE `brandShow` <> -1 LIMIT 1   [ RunTime:0.0003s ]
SQL: SELECT * FROM `brand` WHERE `brandShow` <> -1 LIMIT 0,3   [ RunTime:0.0003s ]
INFO: [ view_parse ] --START--
INFO: [ template_filter ] --START--
INFO: Run Behavior\ContentReplaceBehavior [ RunTime:0.000087s ]
INFO: [ template_filter ] --END-- [ RunTime:0.000134s ]
NOTIC: [8] Undefined variable: val C:\web\paopao\admin.shop.com\Application\Runtime\Cache\Home\71c02c7fc19ac63fd395c35404938535.php 第 45 行.
NOTIC: [8] Undefined variable: val C:\web\paopao\admin.shop.com\Application\Runtime\Cache\Home\71c02c7fc19ac63fd395c35404938535.php 第 45 行.
NOTIC: [8] Undefined variable: val C:\web\paopao\admin.shop.com\Application\Runtime\Cache\Home\71c02c7fc19ac63fd395c35404938535.php 第 45 行.
INFO: Run Behavior\ParseTemplateBehavior [ RunTime:0.009349s ]
INFO: [ view_parse ] --END-- [ RunTime:0.009396s ]
INFO: [ view_filter ] --START--
INFO: Run Behavior\WriteHtmlCacheBehavior [ RunTime:0.000405s ]
INFO: [ view_filter ] --END-- [ RunTime:0.000453s ]
INFO: [ app_end ] --START--
INFO: Run Behavior\ShowPageTraceBehavior [ RunTime:0.000847s ]
INFO: [ app_end ] --END-- [ RunTime:0.000892s ]

[ 2016-11-17T11:18:51+08:00 ] 127.0.0.1 /index.php/Home/brand/add.html
INFO: [ app_init ] --START--
INFO: Run Behavior\BuildLiteBehavior [ RunTime:0.000013s ]
INFO: [ app_init ] --END-- [ RunTime:0.000360s ]
INFO: [ app_begin ] --START--
INFO: Run Behavior\ReadHtmlCacheBehavior [ RunTime:0.000931s ]
INFO: [ app_begin ] --END-- [ RunTime:0.000998s ]
INFO: [ action_begin ] --START--
INFO: Run \Home\Behaviors\CheckBehavior [ RunTime:0.000922s ]
INFO: [ action_begin ] --END-- [ RunTime:0.000971s ]
INFO: [ view_parse ] --START--
INFO: [ template_filter ] --START--
INFO: Run Behavior\ContentReplaceBehavior [ RunTime:0.000069s ]
INFO: [ template_filter ] --END-- [ RunTime:0.000117s ]
NOTIC: [8] Undefined variable: row C:\web\paopao\admin.shop.com\Application\Runtime\Cache\Home\ff3a564f4591b71cffbc8f182bde1ab9.php 第 28 行.
NOTIC: [8] Undefined variable: row C:\web\paopao\admin.shop.com\Application\Runtime\Cache\Home\ff3a564f4591b71cffbc8f182bde1ab9.php 第 35 行.
NOTIC: [8] Undefined variable: row C:\web\paopao\admin.shop.com\Application\Runtime\Cache\Home\ff3a564f4591b71cffbc8f182bde1ab9.php 第 42 行.
NOTIC: [8] Undefined variable: row C:\web\paopao\admin.shop.com\Application\Runtime\Cache\Home\ff3a564f4591b71cffbc8f182bde1ab9.php 第 43 行.
NOTIC: [8] Undefined variable: row C:\web\paopao\admin.shop.com\Application\Runtime\Cache\Home\ff3a564f4591b71cffbc8f182bde1ab9.php 第 49 行.
NOTIC: [8] Undefined variable: row C:\web\paopao\admin.shop.com\Application\Runtime\Cache\Home\ff3a564f4591b71cffbc8f182bde1ab9.php 第 67 行.
INFO: Run Behavior\ParseTemplateBehavior [ RunTime:0.008117s ]
INFO: [ view_parse ] --END-- [ RunTime:0.008158s ]
INFO: [ view_filter ] --START--
INFO: Run Behavior\WriteHtmlCacheBehavior [ RunTime:0.000406s ]
INFO: [ view_filter ] --END-- [ RunTime:0.000440s ]
INFO: [ app_end ] --START--
INFO: Run Behavior\ShowPageTraceBehavior [ RunTime:0.000684s ]
INFO: [ app_end ] --END-- [ RunTime:0.000720s ]

[ 2016-11-17T11:18:51+08:00 ] 127.0.0.1 /index.php/Home/brand/
INFO: [ app_init ] --START--
INFO: Run Behavior\BuildLiteBehavior [ RunTime:0.000016s ]
INFO: [ app_init ] --END-- [ RunTime:0.000361s ]
INFO: [ app_begin ] --START--
INFO: Run Behavior\ReadHtmlCacheBehavior [ RunTime:0.000632s ]
INFO: [ app_begin ] --END-- [ RunTime:0.000680s ]
INFO: [ action_begin ] --START--
INFO: Run \Home\Behaviors\CheckBehavior [ RunTime:0.001017s ]
INFO: [ action_begin ] --END-- [ RunTime:0.001071s ]
SQL: SHOW COLUMNS FROM `brand` [ RunTime:0.0142s ]
SQL: SELECT COUNT(*) AS tp_count FROM `brand` WHERE `brandShow` <> -1 LIMIT 1   [ RunTime:0.0003s ]
SQL: SELECT * FROM `brand` WHERE `brandShow` <> -1 LIMIT 0,3   [ RunTime:0.0003s ]
INFO: [ view_parse ] --START--
INFO: [ template_filter ] --START--
INFO: Run Behavior\ContentReplaceBehavior [ RunTime:0.000061s ]
INFO: [ template_filter ] --END-- [ RunTime:0.000106s ]
NOTIC: [8] Undefined variable: val C:\web\paopao\admin.shop.com\Application\Runtime\Cache\Home\71c02c7fc19ac63fd395c35404938535.php 第 45 行.
NOTIC: [8] Undefined variable: val C:\web\paopao\admin.shop.com\Application\Runtime\Cache\Home\71c02c7fc19ac63fd395c35404938535.php 第 45 行.
NOTIC: [8] Undefined variable: val C:\web\paopao\admin.shop.com\Application\Runtime\Cache\Home\71c02c7fc19ac63fd395c35404938535.php 第 45 行.
INFO: Run Behavior\ParseTemplateBehavior [ RunTime:0.008666s ]
INFO: [ view_parse ] --END-- [ RunTime:0.008708s ]
INFO: [ view_filter ] --START--
INFO: Run Behavior\WriteHtmlCacheBehavior [ RunTime:0.000392s ]
INFO: [ view_filter ] --END-- [ RunTime:0.000426s ]
INFO: [ app_end ] --START--
INFO: Run Behavior\ShowPageTraceBehavior [ RunTime:0.000722s ]
INFO: [ app_end ] --END-- [ RunTime:0.000763s ]

[ 2016-11-17T11:18:52+08:00 ] 127.0.0.1 /index.php/Home/brand/index.html
INFO: [ app_init ] --START--
INFO: Run Behavior\BuildLiteBehavior [ RunTime:0.000021s ]
INFO: [ app_init ] --END-- [ RunTime:0.000597s ]
INFO: [ app_begin ] --START--
INFO: Run Behavior\ReadHtmlCacheBehavior [ RunTime:0.001598s ]
INFO: [ app_begin ] --END-- [ RunTime:0.001730s ]
INFO: [ action_begin ] --START--
INFO: Run \Home\Behaviors\CheckBehavior [ RunTime:0.001139s ]
INFO: [ action_begin ] --END-- [ RunTime:0.001206s ]
SQL: SHOW COLUMNS FROM `brand` [ RunTime:0.0140s ]
SQL: SELECT COUNT(*) AS tp_count FROM `brand` WHERE `brandShow` <> -1 LIMIT 1   [ RunTime:0.0003s ]
SQL: SELECT * FROM `brand` WHERE `brandShow` <> -1 LIMIT 0,3   [ RunTime:0.0003s ]
INFO: [ view_parse ] --START--
INFO: [ template_filter ] --START--
INFO: Run Behavior\ContentReplaceBehavior [ RunTime:0.000063s ]
INFO: [ template_filter ] --END-- [ RunTime:0.000111s ]
NOTIC: [8] Undefined variable: val C:\web\paopao\admin.shop.com\Application\Runtime\Cache\Home\71c02c7fc19ac63fd395c35404938535.php 第 45 行.
NOTIC: [8] Undefined variable: val C:\web\paopao\admin.shop.com\Application\Runtime\Cache\Home\71c02c7fc19ac63fd395c35404938535.php 第 45 行.
NOTIC: [8] Undefined variable: val C:\web\paopao\admin.shop.com\Application\Runtime\Cache\Home\71c02c7fc19ac63fd395c35404938535.php 第 45 行.
INFO: Run Behavior\ParseTemplateBehavior [ RunTime:0.009385s ]
INFO: [ view_parse ] --END-- [ RunTime:0.009435s ]
INFO: [ view_filter ] --START--
INFO: Run Behavior\WriteHtmlCacheBehavior [ RunTime:0.000435s ]
INFO: [ view_filter ] --END-- [ RunTime:0.000472s ]
INFO: [ app_end ] --START--
INFO: Run Behavior\ShowPageTraceBehavior [ RunTime:0.000679s ]
INFO: [ app_end ] --END-- [ RunTime:0.000720s ]

[ 2016-11-17T11:18:53+08:00 ] 127.0.0.1 /index.php/Home/Goods/index.html
INFO: [ app_init ] --START--
INFO: Run Behavior\BuildLiteBehavior [ RunTime:0.000020s ]
INFO: [ app_init ] --END-- [ RunTime:0.000599s ]
INFO: [ app_begin ] --START--
INFO: Run Behavior\ReadHtmlCacheBehavior [ RunTime:0.001015s ]
INFO: [ app_begin ] --END-- [ RunTime:0.001089s ]
INFO: [ action_begin ] --START--
INFO: Run \Home\Behaviors\CheckBehavior [ RunTime:0.001300s ]
INFO: [ action_begin ] --END-- [ RunTime:0.001366s ]
SQL: SHOW COLUMNS FROM `goods` [ RunTime:0.0206s ]
SQL: SELECT COUNT(*) AS tp_count FROM `goods` INNER JOIN goods_category as gc on goods.goods_category_id=gc.id INNER JOIN brand as b on goods.brand_id=b.id  WHERE goods.status <> -1 LIMIT 1   [ RunTime:0.0007s ]
SQL: SELECT goods.*,gc.name as categoryname,b.brandName FROM `goods` INNER JOIN goods_category as gc on goods.goods_category_id=gc.id INNER JOIN brand as b on goods.brand_id=b.id  WHERE goods.status <> -1 LIMIT 0,5   [ RunTime:0.0006s ]
SQL: SHOW COLUMNS FROM `goods_category` [ RunTime:0.0161s ]
SQL: SELECT `id`,`name`,`level` FROM `goods_category` ORDER BY lft  [ RunTime:0.0004s ]
SQL: SHOW COLUMNS FROM `brand` [ RunTime:0.0136s ]
SQL: SELECT `id`,`brandname` FROM `brand`  [ RunTime:0.0003s ]
INFO: [ view_parse ] --START--
INFO: [ template_filter ] --START--
INFO: Run Behavior\ContentReplaceBehavior [ RunTime:0.000088s ]
INFO: [ template_filter ] --END-- [ RunTime:0.000143s ]
INFO: Run Behavior\ParseTemplateBehavior [ RunTime:0.025325s ]
INFO: [ view_parse ] --END-- [ RunTime:0.025409s ]
INFO: [ view_filter ] --START--
INFO: Run Behavior\WriteHtmlCacheBehavior [ RunTime:0.000394s ]
INFO: [ view_filter ] --END-- [ RunTime:0.000428s ]
INFO: [ app_end ] --START--
INFO: Run Behavior\ShowPageTraceBehavior [ RunTime:0.000935s ]
INFO: [ app_end ] --END-- [ RunTime:0.001019s ]

[ 2016-11-17T11:18:54+08:00 ] 127.0.0.1 /index.php/Home/Goods/add.html
INFO: [ app_init ] --START--
INFO: Run Behavior\BuildLiteBehavior [ RunTime:0.000022s ]
INFO: [ app_init ] --END-- [ RunTime:0.000524s ]
INFO: [ app_begin ] --START--
INFO: Run Behavior\ReadHtmlCacheBehavior [ RunTime:0.000970s ]
INFO: [ app_begin ] --END-- [ RunTime:0.001045s ]
INFO: [ action_begin ] --START--
INFO: Run \Home\Behaviors\CheckBehavior [ RunTime:0.001139s ]
INFO: [ action_begin ] --END-- [ RunTime:0.001219s ]
SQL: SHOW COLUMNS FROM `goods` [ RunTime:0.0129s ]
SQL: SHOW COLUMNS FROM `goods_day_count` [ RunTime:0.0130s ]
SQL: SELECT `count` FROM `goods_day_count` WHERE `day` = '20161117' LIMIT 1   [ RunTime:0.0003s ]
SQL: INSERT INTO `goods_day_count` (`day`,`count`) VALUES ('20161117','1') [ RunTime:0.0095s ]
SQL: SHOW COLUMNS FROM `goods_category` [ RunTime:0.0176s ]
SQL: SELECT `id`,`name`,`level` FROM `goods_category` ORDER BY lft  [ RunTime:0.0003s ]
SQL: SHOW COLUMNS FROM `brand` [ RunTime:0.0119s ]
SQL: SELECT `id`,`brandname` FROM `brand`  [ RunTime:0.0003s ]
INFO: [ view_parse ] --START--
INFO: [ template_filter ] --START--
INFO: Run Behavior\ContentReplaceBehavior [ RunTime:0.000103s ]
INFO: [ template_filter ] --END-- [ RunTime:0.000149s ]
NOTIC: [8] Undefined variable: row C:\web\paopao\admin.shop.com\Application\Runtime\Cache\Home\05d2f5dc1b045020d5545548863de75c.php 第 49 行.
NOTIC: [8] Undefined variable: row C:\web\paopao\admin.shop.com\Application\Runtime\Cache\Home\05d2f5dc1b045020d5545548863de75c.php 第 50 行.
INFO: Run Behavior\ParseTemplateBehavior [ RunTime:0.064669s ]
INFO: [ view_parse ] --END-- [ RunTime:0.064744s ]
INFO: [ view_filter ] --START--
INFO: Run Behavior\WriteHtmlCacheBehavior [ RunTime:0.000380s ]
INFO: [ view_filter ] --END-- [ RunTime:0.000416s ]
INFO: [ app_end ] --START--
INFO: Run Behavior\ShowPageTraceBehavior [ RunTime:0.001519s ]
INFO: [ app_end ] --END-- [ RunTime:0.001611s ]

[ 2016-11-17T11:18:54+08:00 ] 127.0.0.1 /index.php/Home/Goods/index.html
INFO: [ app_init ] --START--
INFO: Run Behavior\BuildLiteBehavior [ RunTime:0.000016s ]
INFO: [ app_init ] --END-- [ RunTime:0.000481s ]
INFO: [ app_begin ] --START--
INFO: Run Behavior\ReadHtmlCacheBehavior [ RunTime:0.000532s ]
INFO: [ app_begin ] --END-- [ RunTime:0.000583s ]
INFO: [ action_begin ] --START--
INFO: Run \Home\Behaviors\CheckBehavior [ RunTime:0.000535s ]
INFO: [ action_begin ] --END-- [ RunTime:0.000587s ]
SQL: SHOW COLUMNS FROM `goods` [ RunTime:0.0142s ]
SQL: SELECT COUNT(*) AS tp_count FROM `goods` INNER JOIN goods_category as gc on goods.goods_category_id=gc.id INNER JOIN brand as b on goods.brand_id=b.id  WHERE goods.status <> -1 LIMIT 1   [ RunTime:0.0004s ]
SQL: SELECT goods.*,gc.name as categoryname,b.brandName FROM `goods` INNER JOIN goods_category as gc on goods.goods_category_id=gc.id INNER JOIN brand as b on goods.brand_id=b.id  WHERE goods.status <> -1 LIMIT 0,5   [ RunTime:0.0006s ]
SQL: SHOW COLUMNS FROM `goods_category` [ RunTime:0.0157s ]
SQL: SELECT `id`,`name`,`level` FROM `goods_category` ORDER BY lft  [ RunTime:0.0003s ]
SQL: SHOW COLUMNS FROM `brand` [ RunTime:0.0135s ]
SQL: SELECT `id`,`brandname` FROM `brand`  [ RunTime:0.0002s ]
INFO: [ view_parse ] --START--
INFO: [ template_filter ] --START--
INFO: Run Behavior\ContentReplaceBehavior [ RunTime:0.000094s ]
INFO: [ template_filter ] --END-- [ RunTime:0.000148s ]
INFO: Run Behavior\ParseTemplateBehavior [ RunTime:0.012589s ]
INFO: [ view_parse ] --END-- [ RunTime:0.012646s ]
INFO: [ view_filter ] --START--
INFO: Run Behavior\WriteHtmlCacheBehavior [ RunTime:0.000386s ]
INFO: [ view_filter ] --END-- [ RunTime:0.000444s ]
INFO: [ app_end ] --START--
INFO: Run Behavior\ShowPageTraceBehavior [ RunTime:0.000886s ]
INFO: [ app_end ] --END-- [ RunTime:0.000986s ]

[ 2016-11-17T11:18:54+08:00 ] 127.0.0.1 /index.php/Home/Goods/
INFO: [ app_init ] --START--
INFO: Run Behavior\BuildLiteBehavior [ RunTime:0.000014s ]
INFO: [ app_init ] --END-- [ RunTime:0.000336s ]
INFO: [ app_begin ] --START--
INFO: Run Behavior\ReadHtmlCacheBehavior [ RunTime:0.000892s ]
INFO: [ app_begin ] --END-- [ RunTime:0.000972s ]
INFO: [ action_begin ] --START--
INFO: Run \Home\Behaviors\CheckBehavior [ RunTime:0.000979s ]
INFO: [ action_begin ] --END-- [ RunTime:0.001075s ]
SQL: SHOW COLUMNS FROM `goods` [ RunTime:0.0194s ]
SQL: SELECT COUNT(*) AS tp_count FROM `goods` INNER JOIN goods_category as gc on goods.goods_category_id=gc.id INNER JOIN brand as b on goods.brand_id=b.id  WHERE goods.status <> -1 LIMIT 1   [ RunTime:0.0005s ]
SQL: SELECT goods.*,gc.name as categoryname,b.brandName FROM `goods` INNER JOIN goods_category as gc on goods.goods_category_id=gc.id INNER JOIN brand as b on goods.brand_id=b.id  WHERE goods.status <> -1 LIMIT 0,5   [ RunTime:0.0007s ]
SQL: SHOW COLUMNS FROM `goods_category` [ RunTime:0.0529s ]
SQL: SELECT `id`,`name`,`level` FROM `goods_category` ORDER BY lft  [ RunTime:0.0003s ]
SQL: SHOW COLUMNS FROM `brand` [ RunTime:0.0154s ]
SQL: SELECT `id`,`brandname` FROM `brand`  [ RunTime:0.0003s ]
INFO: [ view_parse ] --START--
INFO: [ template_filter ] --START--
INFO: Run Behavior\ContentReplaceBehavior [ RunTime:0.000095s ]
INFO: [ template_filter ] --END-- [ RunTime:0.000166s ]
INFO: Run Behavior\ParseTemplateBehavior [ RunTime:0.014390s ]
INFO: [ view_parse ] --END-- [ RunTime:0.014474s ]
INFO: [ view_filter ] --START--
INFO: Run Behavior\WriteHtmlCacheBehavior [ RunTime:0.000418s ]
INFO: [ view_filter ] --END-- [ RunTime:0.000474s ]
INFO: [ app_end ] --START--
INFO: Run Behavior\ShowPageTraceBehavior [ RunTime:0.000942s ]
INFO: [ app_end ] --END-- [ RunTime:0.001023s ]

