[ 2016-11-17T11:18:21+08:00 ] 127.0.0.1 /favicon.ico
INFO: [ app_init ] --START--
INFO: Run Behavior\BuildLiteBehavior [ RunTime:0.000019s ]
INFO: [ app_init ] --END-- [ RunTime:0.000598s ]
ERR: 无法加载模块:Favicon

[ 2016-11-17T11:18:53+08:00 ] 127.0.0.1 /Uploads/2016-11-09/5822e4fc4f2fe.jpg
INFO: [ app_init ] --START--
INFO: Run Behavior\BuildLiteBehavior [ RunTime:0.000022s ]
INFO: [ app_init ] --END-- [ RunTime:0.000569s ]
ERR: 无法加载模块:Uploads

[ 2016-11-17T11:18:53+08:00 ] 127.0.0.1 /Uploads/2016-11-09/5822d6039af33.jpg
INFO: [ app_init ] --START--
INFO: Run Behavior\BuildLiteBehavior [ RunTime:0.000023s ]
INFO: [ app_init ] --END-- [ RunTime:0.000575s ]
ERR: 无法加载模块:Uploads

[ 2016-11-17T11:18:53+08:00 ] 127.0.0.1 /Uploads/2016-11-09/5822cd4a5f30a.jpg
INFO: [ app_init ] --START--
INFO: Run Behavior\BuildLiteBehavior [ RunTime:0.000029s ]
INFO: [ app_init ] --END-- [ RunTime:0.000807s ]
ERR: 无法加载模块:Uploads

[ 2016-11-17T11:18:53+08:00 ] 127.0.0.1 /Uploads/2016-11-09/5822e6ee2d33a.jpg
INFO: [ app_init ] --START--
INFO: Run Behavior\BuildLiteBehavior [ RunTime:0.000021s ]
INFO: [ app_init ] --END-- [ RunTime:0.000572s ]
ERR: 无法加载模块:Uploads

[ 2016-11-17T11:18:54+08:00 ] 127.0.0.1 /Uploads/2016-11-09/5822e4fc4f2fe.jpg
INFO: [ app_init ] --START--
INFO: Run Behavior\BuildLiteBehavior [ RunTime:0.000021s ]
INFO: [ app_init ] --END-- [ RunTime:0.000518s ]
ERR: 无法加载模块:Uploads

[ 2016-11-17T11:18:54+08:00 ] 127.0.0.1 /Uploads/2016-11-09/5822e003521b9.png
INFO: [ app_init ] --START--
INFO: Run Behavior\BuildLiteBehavior [ RunTime:0.000025s ]
INFO: [ app_init ] --END-- [ RunTime:0.000610s ]
ERR: 无法加载模块:Uploads

[ 2016-11-17T11:18:54+08:00 ] 127.0.0.1 /Uploads/2016-11-09/5822d6039af33.jpg
INFO: [ app_init ] --START--
INFO: Run Behavior\BuildLiteBehavior [ RunTime:0.000030s ]
INFO: [ app_init ] --END-- [ RunTime:0.001056s ]
ERR: 无法加载模块:Uploads

[ 2016-11-17T11:18:54+08:00 ] 127.0.0.1 /Uploads/2016-11-09/5822e6ee2d33a.jpg
INFO: [ app_init ] --START--
INFO: Run Behavior\BuildLiteBehavior [ RunTime:0.000047s ]
INFO: [ app_init ] --END-- [ RunTime:0.002127s ]
ERR: 无法加载模块:Uploads

