[ 2016-11-16T09:45:49+08:00 ] 127.0.0.1 /favicon.ico
INFO: [ app_init ] --START--
INFO: Run Behavior\BuildLiteBehavior [ RunTime:0.000014s ]
INFO: [ app_init ] --END-- [ RunTime:0.000351s ]
ERR: 无法加载模块:Favicon

[ 2016-11-16T09:54:43+08:00 ] 127.0.0.1 /Uploads/2016-11-09/5822e003521b9.png
INFO: [ app_init ] --START--
INFO: Run Behavior\BuildLiteBehavior [ RunTime:0.000018s ]
INFO: [ app_init ] --END-- [ RunTime:0.000459s ]
ERR: 无法加载模块:Uploads

[ 2016-11-16T09:54:43+08:00 ] 127.0.0.1 /Uploads/2016-11-09/5822e4fc4f2fe.jpg
INFO: [ app_init ] --START--
INFO: Run Behavior\BuildLiteBehavior [ RunTime:0.000023s ]
INFO: [ app_init ] --END-- [ RunTime:0.000586s ]
ERR: 无法加载模块:Uploads

[ 2016-11-16T09:54:43+08:00 ] 127.0.0.1 /Uploads/2016-11-09/5822e6ee2d33a.jpg
INFO: [ app_init ] --START--
INFO: Run Behavior\BuildLiteBehavior [ RunTime:0.000029s ]
INFO: [ app_init ] --END-- [ RunTime:0.000773s ]
ERR: 无法加载模块:Uploads

[ 2016-11-16T09:54:43+08:00 ] 127.0.0.1 /Uploads/2016-11-09/5822cd4a5f30a.jpg
INFO: [ app_init ] --START--
INFO: Run Behavior\BuildLiteBehavior [ RunTime:0.000028s ]
INFO: [ app_init ] --END-- [ RunTime:0.000856s ]
ERR: 无法加载模块:Uploads

[ 2016-11-16T09:54:43+08:00 ] 127.0.0.1 /Uploads/2016-11-09/5822d6039af33.jpg
INFO: [ app_init ] --START--
INFO: Run Behavior\BuildLiteBehavior [ RunTime:0.000032s ]
INFO: [ app_init ] --END-- [ RunTime:0.000680s ]
ERR: 无法加载模块:Uploads

[ 2016-11-16T14:32:15+08:00 ] 127.0.0.1 /Uploads/2016-11-09/5822d6039af33.jpg
INFO: [ app_init ] --START--
INFO: Run Behavior\BuildLiteBehavior [ RunTime:0.000027s ]
INFO: [ app_init ] --END-- [ RunTime:0.000629s ]
ERR: 无法加载模块:Uploads

[ 2016-11-16T14:32:15+08:00 ] 127.0.0.1 /Uploads/2016-11-09/5822e4fc4f2fe.jpg
INFO: [ app_init ] --START--
INFO: Run Behavior\BuildLiteBehavior [ RunTime:0.000026s ]
INFO: [ app_init ] --END-- [ RunTime:0.000635s ]
ERR: 无法加载模块:Uploads

[ 2016-11-16T14:32:15+08:00 ] 127.0.0.1 /Uploads/2016-11-09/5822cd4a5f30a.jpg
INFO: [ app_init ] --START--
INFO: Run Behavior\BuildLiteBehavior [ RunTime:0.000023s ]
INFO: [ app_init ] --END-- [ RunTime:0.000664s ]
ERR: 无法加载模块:Uploads

[ 2016-11-16T14:32:15+08:00 ] 127.0.0.1 /Uploads/2016-11-09/5822e003521b9.png
INFO: [ app_init ] --START--
INFO: Run Behavior\BuildLiteBehavior [ RunTime:0.000036s ]
INFO: [ app_init ] --END-- [ RunTime:0.001000s ]
ERR: 无法加载模块:Uploads

[ 2016-11-16T14:32:15+08:00 ] 127.0.0.1 /Uploads/2016-11-09/5822e6ee2d33a.jpg
INFO: [ app_init ] --START--
INFO: Run Behavior\BuildLiteBehavior [ RunTime:0.000040s ]
INFO: [ app_init ] --END-- [ RunTime:0.001733s ]
ERR: 无法加载模块:Uploads

[ 2016-11-16T14:32:46+08:00 ] 127.0.0.1 /Uploads/2016-11-09/5822cd4a5f30a.jpg
INFO: [ app_init ] --START--
INFO: Run Behavior\BuildLiteBehavior [ RunTime:0.000024s ]
INFO: [ app_init ] --END-- [ RunTime:0.000517s ]
ERR: 无法加载模块:Uploads

[ 2016-11-16T14:32:46+08:00 ] 127.0.0.1 /Uploads/2016-11-09/5822e4fc4f2fe.jpg
INFO: [ app_init ] --START--
INFO: Run Behavior\BuildLiteBehavior [ RunTime:0.000025s ]
INFO: [ app_init ] --END-- [ RunTime:0.000603s ]
ERR: 无法加载模块:Uploads

[ 2016-11-16T14:32:46+08:00 ] 127.0.0.1 /Uploads/2016-11-09/5822e6ee2d33a.jpg
INFO: [ app_init ] --START--
INFO: Run Behavior\BuildLiteBehavior [ RunTime:0.000024s ]
INFO: [ app_init ] --END-- [ RunTime:0.000613s ]
ERR: 无法加载模块:Uploads

[ 2016-11-16T14:32:46+08:00 ] 127.0.0.1 /Uploads/2016-11-09/5822e003521b9.png
INFO: [ app_init ] --START--
INFO: Run Behavior\BuildLiteBehavior [ RunTime:0.000034s ]
INFO: [ app_init ] --END-- [ RunTime:0.000804s ]
ERR: 无法加载模块:Uploads

[ 2016-11-16T14:32:46+08:00 ] 127.0.0.1 /Uploads/2016-11-09/5822d6039af33.jpg
INFO: [ app_init ] --START--
INFO: Run Behavior\BuildLiteBehavior [ RunTime:0.000028s ]
INFO: [ app_init ] --END-- [ RunTime:0.001905s ]
ERR: 无法加载模块:Uploads

[ 2016-11-16T15:50:48+08:00 ] 127.0.0.1 /Uploads/2016-11-09/5822e4fc4f2fe.jpg
INFO: [ app_init ] --START--
INFO: Run Behavior\BuildLiteBehavior [ RunTime:0.000026s ]
INFO: [ app_init ] --END-- [ RunTime:0.005847s ]
ERR: 无法加载模块:Uploads

[ 2016-11-16T15:50:48+08:00 ] 127.0.0.1 /Uploads/2016-11-09/5822e6ee2d33a.jpg
INFO: [ app_init ] --START--
INFO: Run Behavior\BuildLiteBehavior [ RunTime:0.000024s ]
INFO: [ app_init ] --END-- [ RunTime:0.000525s ]
ERR: 无法加载模块:Uploads

[ 2016-11-16T15:50:48+08:00 ] 127.0.0.1 /Uploads/2016-11-09/5822cd4a5f30a.jpg
INFO: [ app_init ] --START--
INFO: Run Behavior\BuildLiteBehavior [ RunTime:0.000028s ]
INFO: [ app_init ] --END-- [ RunTime:0.000683s ]
ERR: 无法加载模块:Uploads

[ 2016-11-16T15:50:48+08:00 ] 127.0.0.1 /Uploads/2016-11-09/5822d6039af33.jpg
INFO: [ app_init ] --START--
INFO: Run Behavior\BuildLiteBehavior [ RunTime:0.000032s ]
INFO: [ app_init ] --END-- [ RunTime:0.000766s ]
ERR: 无法加载模块:Uploads

[ 2016-11-16T15:50:48+08:00 ] 127.0.0.1 /Uploads/2016-11-09/5822e003521b9.png
INFO: [ app_init ] --START--
INFO: Run Behavior\BuildLiteBehavior [ RunTime:0.000030s ]
INFO: [ app_init ] --END-- [ RunTime:0.000677s ]
ERR: 无法加载模块:Uploads

[ 2016-11-16T15:50:53+08:00 ] 127.0.0.1 /Uploads/2016-11-09/5822d6039af33.jpg
INFO: [ app_init ] --START--
INFO: Run Behavior\BuildLiteBehavior [ RunTime:0.000023s ]
INFO: [ app_init ] --END-- [ RunTime:0.000573s ]
ERR: 无法加载模块:Uploads

[ 2016-11-16T15:50:53+08:00 ] 127.0.0.1 /Uploads/2016-11-09/5822cd4a5f30a.jpg
INFO: [ app_init ] --START--
INFO: Run Behavior\BuildLiteBehavior [ RunTime:0.000021s ]
INFO: [ app_init ] --END-- [ RunTime:0.000560s ]
ERR: 无法加载模块:Uploads

[ 2016-11-16T15:50:53+08:00 ] 127.0.0.1 /Uploads/2016-11-09/5822e003521b9.png
INFO: [ app_init ] --START--
INFO: Run Behavior\BuildLiteBehavior [ RunTime:0.000025s ]
INFO: [ app_init ] --END-- [ RunTime:0.000640s ]
ERR: 无法加载模块:Uploads

[ 2016-11-16T15:50:53+08:00 ] 127.0.0.1 /Uploads/2016-11-09/5822e4fc4f2fe.jpg
INFO: [ app_init ] --START--
INFO: Run Behavior\BuildLiteBehavior [ RunTime:0.000027s ]
INFO: [ app_init ] --END-- [ RunTime:0.000589s ]
ERR: 无法加载模块:Uploads

[ 2016-11-16T15:50:53+08:00 ] 127.0.0.1 /Uploads/2016-11-09/5822e6ee2d33a.jpg
INFO: [ app_init ] --START--
INFO: Run Behavior\BuildLiteBehavior [ RunTime:0.000163s ]
INFO: [ app_init ] --END-- [ RunTime:0.002013s ]
ERR: 无法加载模块:Uploads

[ 2016-11-16T15:50:55+08:00 ] 127.0.0.1 /Uploads/2016-11-09/5822f4f273f15.jpg
INFO: [ app_init ] --START--
INFO: Run Behavior\BuildLiteBehavior [ RunTime:0.000024s ]
INFO: [ app_init ] --END-- [ RunTime:0.000546s ]
ERR: 无法加载模块:Uploads

[ 2016-11-16T15:50:55+08:00 ] 127.0.0.1 /Uploads/2016-11-09/5822e6ee2d33a.jpg
INFO: [ app_init ] --START--
INFO: Run Behavior\BuildLiteBehavior [ RunTime:0.000037s ]
INFO: [ app_init ] --END-- [ RunTime:0.000941s ]
ERR: 无法加载模块:Uploads

[ 2016-11-16T15:50:55+08:00 ] 127.0.0.1 /Uploads/2016-11-15/582a7c07e2321.jpg
INFO: [ app_init ] --START--
INFO: Run Behavior\BuildLiteBehavior [ RunTime:0.000027s ]
INFO: [ app_init ] --END-- [ RunTime:0.000844s ]
ERR: 无法加载模块:Uploads

[ 2016-11-16T15:50:56+08:00 ] 127.0.0.1 /Uploads/2016-11-15/582a7848d3ebc.jpg
INFO: [ app_init ] --START--
INFO: Run Behavior\BuildLiteBehavior [ RunTime:0.000033s ]
INFO: [ app_init ] --END-- [ RunTime:0.001287s ]
ERR: 无法加载模块:Uploads

[ 2016-11-16T15:50:56+08:00 ] 127.0.0.1 /Uploads/2016-11-15/582a7a1c54fbd.jpg
INFO: [ app_init ] --START--
INFO: Run Behavior\BuildLiteBehavior [ RunTime:0.000026s ]
INFO: [ app_init ] --END-- [ RunTime:0.000600s ]
ERR: 无法加载模块:Uploads

[ 2016-11-16T15:50:56+08:00 ] 127.0.0.1 /Uploads/2016-11-15/582a7e2c31d98.jpg
INFO: [ app_init ] --START--
INFO: Run Behavior\BuildLiteBehavior [ RunTime:0.000024s ]
INFO: [ app_init ] --END-- [ RunTime:0.000688s ]
ERR: 无法加载模块:Uploads

[ 2016-11-16T15:50:57+08:00 ] 127.0.0.1 /Uploads/2016-11-09/582329896245e.jpg
INFO: [ app_init ] --START--
INFO: Run Behavior\BuildLiteBehavior [ RunTime:0.000032s ]
INFO: [ app_init ] --END-- [ RunTime:0.000793s ]
ERR: 无法加载模块:Uploads

[ 2016-11-16T15:51:02+08:00 ] 127.0.0.1 /Uploads/2016-11-10/5823d3c0b853b.jpg
INFO: [ app_init ] --START--
INFO: Run Behavior\BuildLiteBehavior [ RunTime:0.000016s ]
INFO: [ app_init ] --END-- [ RunTime:0.000489s ]
ERR: 无法加载模块:Uploads

[ 2016-11-16T15:51:02+08:00 ] 127.0.0.1 /Uploads/2016-11-10/58242f9ff2068.jpg
INFO: [ app_init ] --START--
INFO: Run Behavior\BuildLiteBehavior [ RunTime:0.000016s ]
INFO: [ app_init ] --END-- [ RunTime:0.000502s ]
ERR: 无法加载模块:Uploads

[ 2016-11-16T15:52:08+08:00 ] 127.0.0.1 /Uploads/2016-11-09/582329896245e.jpg
INFO: [ app_init ] --START--
INFO: Run Behavior\BuildLiteBehavior [ RunTime:0.000014s ]
INFO: [ app_init ] --END-- [ RunTime:0.000398s ]
ERR: 无法加载模块:Uploads

[ 2016-11-16T15:52:49+08:00 ] 127.0.0.1 /Public/Home/img/uploadify-cancel.png
INFO: [ app_init ] --START--
INFO: Run Behavior\BuildLiteBehavior [ RunTime:0.000016s ]
INFO: [ app_init ] --END-- [ RunTime:0.000407s ]
ERR: 无法加载模块:Public

[ 2016-11-16T15:52:54+08:00 ] 127.0.0.1 /Uploads/2016-11-09/5822cd4a5f30a.jpg
INFO: [ app_init ] --START--
INFO: Run Behavior\BuildLiteBehavior [ RunTime:0.000025s ]
INFO: [ app_init ] --END-- [ RunTime:0.000619s ]
ERR: 无法加载模块:Uploads

[ 2016-11-16T15:52:54+08:00 ] 127.0.0.1 /Uploads/2016-11-09/5822e003521b9.png
INFO: [ app_init ] --START--
INFO: Run Behavior\BuildLiteBehavior [ RunTime:0.000024s ]
INFO: [ app_init ] --END-- [ RunTime:0.000568s ]
ERR: 无法加载模块:Uploads

[ 2016-11-16T15:52:54+08:00 ] 127.0.0.1 /Uploads/2016-11-09/5822e4fc4f2fe.jpg
INFO: [ app_init ] --START--
INFO: Run Behavior\BuildLiteBehavior [ RunTime:0.000024s ]
INFO: [ app_init ] --END-- [ RunTime:0.000629s ]
ERR: 无法加载模块:Uploads

[ 2016-11-16T15:52:54+08:00 ] 127.0.0.1 /Uploads/2016-11-09/5822e6ee2d33a.jpg
INFO: [ app_init ] --START--
INFO: Run Behavior\BuildLiteBehavior [ RunTime:0.000028s ]
INFO: [ app_init ] --END-- [ RunTime:0.000721s ]
ERR: 无法加载模块:Uploads

[ 2016-11-16T15:52:54+08:00 ] 127.0.0.1 /Uploads/2016-11-09/5822d6039af33.jpg
INFO: [ app_init ] --START--
INFO: Run Behavior\BuildLiteBehavior [ RunTime:0.000030s ]
INFO: [ app_init ] --END-- [ RunTime:0.000788s ]
ERR: 无法加载模块:Uploads

[ 2016-11-16T15:52:57+08:00 ] 127.0.0.1 /Uploads/2016-11-09/5822f4f273f15.jpg
INFO: [ app_init ] --START--
INFO: Run Behavior\BuildLiteBehavior [ RunTime:0.000021s ]
INFO: [ app_init ] --END-- [ RunTime:0.000573s ]
ERR: 无法加载模块:Uploads

[ 2016-11-16T15:52:57+08:00 ] 127.0.0.1 /Uploads/2016-11-10/58242fe83b996.jpg
INFO: [ app_init ] --START--
INFO: Run Behavior\BuildLiteBehavior [ RunTime:0.000020s ]
INFO: [ app_init ] --END-- [ RunTime:0.000472s ]
ERR: 无法加载模块:Uploads

[ 2016-11-16T15:52:57+08:00 ] 127.0.0.1 /Uploads/2016-11-15/582a7c07e2321.jpg
INFO: [ app_init ] --START--
INFO: Run Behavior\BuildLiteBehavior [ RunTime:0.000027s ]
INFO: [ app_init ] --END-- [ RunTime:0.000692s ]
ERR: 无法加载模块:Uploads

[ 2016-11-16T15:52:57+08:00 ] 127.0.0.1 /Uploads/2016-11-09/5822e6ee2d33a.jpg
INFO: [ app_init ] --START--
INFO: Run Behavior\BuildLiteBehavior [ RunTime:0.000030s ]
INFO: [ app_init ] --END-- [ RunTime:0.000667s ]
ERR: 无法加载模块:Uploads

[ 2016-11-16T15:52:57+08:00 ] 127.0.0.1 /Uploads/2016-11-10/582430232c818.jpg
INFO: [ app_init ] --START--
INFO: Run Behavior\BuildLiteBehavior [ RunTime:0.000014s ]
INFO: [ app_init ] --END-- [ RunTime:0.000363s ]
ERR: 无法加载模块:Uploads

[ 2016-11-16T15:52:58+08:00 ] 127.0.0.1 /Uploads/2016-11-15/582a7e2c31d98.jpg
INFO: [ app_init ] --START--
INFO: Run Behavior\BuildLiteBehavior [ RunTime:0.000024s ]
INFO: [ app_init ] --END-- [ RunTime:0.000523s ]
ERR: 无法加载模块:Uploads

[ 2016-11-16T15:52:58+08:00 ] 127.0.0.1 /Uploads/2016-11-15/582a7a1c54fbd.jpg
INFO: [ app_init ] --START--
INFO: Run Behavior\BuildLiteBehavior [ RunTime:0.000025s ]
INFO: [ app_init ] --END-- [ RunTime:0.000743s ]
ERR: 无法加载模块:Uploads

[ 2016-11-16T15:52:58+08:00 ] 127.0.0.1 /Uploads/2016-11-15/582a7848d3ebc.jpg
INFO: [ app_init ] --START--
INFO: Run Behavior\BuildLiteBehavior [ RunTime:0.000027s ]
INFO: [ app_init ] --END-- [ RunTime:0.000692s ]
ERR: 无法加载模块:Uploads

[ 2016-11-16T15:52:58+08:00 ] 127.0.0.1 /Uploads/2016-11-10/5823d33514704.jpg
INFO: [ app_init ] --START--
INFO: Run Behavior\BuildLiteBehavior [ RunTime:0.000023s ]
INFO: [ app_init ] --END-- [ RunTime:0.000639s ]
ERR: 无法加载模块:Uploads

[ 2016-11-16T15:52:59+08:00 ] 127.0.0.1 /Uploads/2016-11-10/58242f9ff2068.jpg
INFO: [ app_init ] --START--
INFO: Run Behavior\BuildLiteBehavior [ RunTime:0.000016s ]
INFO: [ app_init ] --END-- [ RunTime:0.000426s ]
ERR: 无法加载模块:Uploads

[ 2016-11-16T15:52:59+08:00 ] 127.0.0.1 /Uploads/2016-11-10/5823d3c0b853b.jpg
INFO: [ app_init ] --START--
INFO: Run Behavior\BuildLiteBehavior [ RunTime:0.000015s ]
INFO: [ app_init ] --END-- [ RunTime:0.000421s ]
ERR: 无法加载模块:Uploads

[ 2016-11-16T16:23:47+08:00 ] 127.0.0.1 /Uploads/2016-11-09/5822e4fc4f2fe.jpg
INFO: [ app_init ] --START--
INFO: Run Behavior\BuildLiteBehavior [ RunTime:0.000029s ]
INFO: [ app_init ] --END-- [ RunTime:0.002183s ]
ERR: 无法加载模块:Uploads

[ 2016-11-16T16:23:47+08:00 ] 127.0.0.1 /Uploads/2016-11-09/5822e003521b9.png
INFO: [ app_init ] --START--
INFO: Run Behavior\BuildLiteBehavior [ RunTime:0.000027s ]
INFO: [ app_init ] --END-- [ RunTime:0.000740s ]
ERR: 无法加载模块:Uploads

[ 2016-11-16T16:23:47+08:00 ] 127.0.0.1 /Uploads/2016-11-09/5822d6039af33.jpg
INFO: [ app_init ] --START--
INFO: Run Behavior\BuildLiteBehavior [ RunTime:0.000026s ]
INFO: [ app_init ] --END-- [ RunTime:0.000580s ]
ERR: 无法加载模块:Uploads

[ 2016-11-16T16:23:47+08:00 ] 127.0.0.1 /Uploads/2016-11-09/5822e6ee2d33a.jpg
INFO: [ app_init ] --START--
INFO: Run Behavior\BuildLiteBehavior [ RunTime:0.000025s ]
INFO: [ app_init ] --END-- [ RunTime:0.000628s ]
ERR: 无法加载模块:Uploads

[ 2016-11-16T16:23:47+08:00 ] 127.0.0.1 /Uploads/2016-11-09/5822cd4a5f30a.jpg
INFO: [ app_init ] --START--
INFO: Run Behavior\BuildLiteBehavior [ RunTime:0.000025s ]
INFO: [ app_init ] --END-- [ RunTime:0.001868s ]
ERR: 无法加载模块:Uploads

[ 2016-11-16T16:24:55+08:00 ] 127.0.0.1 /Uploads/2016-11-09/5822d6039af33.jpg
INFO: [ app_init ] --START--
INFO: Run Behavior\BuildLiteBehavior [ RunTime:0.000035s ]
INFO: [ app_init ] --END-- [ RunTime:0.000619s ]
ERR: 无法加载模块:Uploads

[ 2016-11-16T16:24:55+08:00 ] 127.0.0.1 /Uploads/2016-11-09/5822e6ee2d33a.jpg
INFO: [ app_init ] --START--
INFO: Run Behavior\BuildLiteBehavior [ RunTime:0.000022s ]
INFO: [ app_init ] --END-- [ RunTime:0.000571s ]
ERR: 无法加载模块:Uploads

[ 2016-11-16T16:24:55+08:00 ] 127.0.0.1 /Uploads/2016-11-09/5822e003521b9.png
INFO: [ app_init ] --START--
INFO: Run Behavior\BuildLiteBehavior [ RunTime:0.000025s ]
INFO: [ app_init ] --END-- [ RunTime:0.000594s ]
ERR: 无法加载模块:Uploads

[ 2016-11-16T16:24:55+08:00 ] 127.0.0.1 /Uploads/2016-11-09/5822cd4a5f30a.jpg
INFO: [ app_init ] --START--
INFO: Run Behavior\BuildLiteBehavior [ RunTime:0.000030s ]
INFO: [ app_init ] --END-- [ RunTime:0.000742s ]
ERR: 无法加载模块:Uploads

[ 2016-11-16T16:24:55+08:00 ] 127.0.0.1 /Uploads/2016-11-09/5822e4fc4f2fe.jpg
INFO: [ app_init ] --START--
INFO: Run Behavior\BuildLiteBehavior [ RunTime:0.000037s ]
INFO: [ app_init ] --END-- [ RunTime:0.000876s ]
ERR: 无法加载模块:Uploads

[ 2016-11-16T16:24:57+08:00 ] 127.0.0.1 /Uploads/2016-11-09/5822e4fc4f2fe.jpg
INFO: [ app_init ] --START--
INFO: Run Behavior\BuildLiteBehavior [ RunTime:0.000022s ]
INFO: [ app_init ] --END-- [ RunTime:0.000549s ]
ERR: 无法加载模块:Uploads

[ 2016-11-16T16:25:50+08:00 ] 127.0.0.1 /Uploads/2016-11-09/5822d6039af33.jpg
INFO: [ app_init ] --START--
INFO: Run Behavior\BuildLiteBehavior [ RunTime:0.000022s ]
INFO: [ app_init ] --END-- [ RunTime:0.000569s ]
ERR: 无法加载模块:Uploads

[ 2016-11-16T16:25:50+08:00 ] 127.0.0.1 /Uploads/2016-11-09/5822e003521b9.png
INFO: [ app_init ] --START--
INFO: Run Behavior\BuildLiteBehavior [ RunTime:0.000021s ]
INFO: [ app_init ] --END-- [ RunTime:0.000561s ]
ERR: 无法加载模块:Uploads

[ 2016-11-16T16:25:50+08:00 ] 127.0.0.1 /Uploads/2016-11-09/5822e4fc4f2fe.jpg
INFO: [ app_init ] --START--
INFO: Run Behavior\BuildLiteBehavior [ RunTime:0.000021s ]
INFO: [ app_init ] --END-- [ RunTime:0.000575s ]
ERR: 无法加载模块:Uploads

[ 2016-11-16T16:25:50+08:00 ] 127.0.0.1 /Uploads/2016-11-09/5822e6ee2d33a.jpg
INFO: [ app_init ] --START--
INFO: Run Behavior\BuildLiteBehavior [ RunTime:0.000029s ]
INFO: [ app_init ] --END-- [ RunTime:0.000680s ]
ERR: 无法加载模块:Uploads

[ 2016-11-16T16:25:50+08:00 ] 127.0.0.1 /Uploads/2016-11-09/5822cd4a5f30a.jpg
INFO: [ app_init ] --START--
INFO: Run Behavior\BuildLiteBehavior [ RunTime:0.000053s ]
INFO: [ app_init ] --END-- [ RunTime:0.001642s ]
ERR: 无法加载模块:Uploads

[ 2016-11-16T16:26:40+08:00 ] 127.0.0.1 /Uploads/2016-11-09/5822cd4a5f30a.jpg
INFO: [ app_init ] --START--
INFO: Run Behavior\BuildLiteBehavior [ RunTime:0.000024s ]
INFO: [ app_init ] --END-- [ RunTime:0.000599s ]
ERR: 无法加载模块:Uploads

[ 2016-11-16T16:26:40+08:00 ] 127.0.0.1 /Uploads/2016-11-09/5822e6ee2d33a.jpg
INFO: [ app_init ] --START--
INFO: Run Behavior\BuildLiteBehavior [ RunTime:0.000036s ]
INFO: [ app_init ] --END-- [ RunTime:0.000983s ]
ERR: 无法加载模块:Uploads

[ 2016-11-16T16:26:40+08:00 ] 127.0.0.1 /Uploads/2016-11-09/5822e4fc4f2fe.jpg
INFO: [ app_init ] --START--
INFO: Run Behavior\BuildLiteBehavior [ RunTime:0.000027s ]
INFO: [ app_init ] --END-- [ RunTime:0.000625s ]
ERR: 无法加载模块:Uploads

[ 2016-11-16T16:26:40+08:00 ] 127.0.0.1 /Uploads/2016-11-09/5822d6039af33.jpg
INFO: [ app_init ] --START--
INFO: Run Behavior\BuildLiteBehavior [ RunTime:0.000028s ]
INFO: [ app_init ] --END-- [ RunTime:0.000658s ]
ERR: 无法加载模块:Uploads

[ 2016-11-16T16:26:40+08:00 ] 127.0.0.1 /Uploads/2016-11-09/5822e003521b9.png
INFO: [ app_init ] --START--
INFO: Run Behavior\BuildLiteBehavior [ RunTime:0.000022s ]
INFO: [ app_init ] --END-- [ RunTime:0.000572s ]
ERR: 无法加载模块:Uploads

[ 2016-11-16T16:38:31+08:00 ] 127.0.0.1 /Uploads/2016-11-09/5822cd4a5f30a.jpg
INFO: [ app_init ] --START--
INFO: Run Behavior\BuildLiteBehavior [ RunTime:0.000023s ]
INFO: [ app_init ] --END-- [ RunTime:0.000515s ]
ERR: 无法加载模块:Uploads

[ 2016-11-16T16:38:31+08:00 ] 127.0.0.1 /Uploads/2016-11-09/5822e4fc4f2fe.jpg
INFO: [ app_init ] --START--
INFO: Run Behavior\BuildLiteBehavior [ RunTime:0.000022s ]
INFO: [ app_init ] --END-- [ RunTime:0.000578s ]
ERR: 无法加载模块:Uploads

[ 2016-11-16T16:38:31+08:00 ] 127.0.0.1 /Uploads/2016-11-09/5822d6039af33.jpg
INFO: [ app_init ] --START--
INFO: Run Behavior\BuildLiteBehavior [ RunTime:0.000024s ]
INFO: [ app_init ] --END-- [ RunTime:0.000567s ]
ERR: 无法加载模块:Uploads

[ 2016-11-16T16:38:31+08:00 ] 127.0.0.1 /Uploads/2016-11-09/5822e003521b9.png
INFO: [ app_init ] --START--
INFO: Run Behavior\BuildLiteBehavior [ RunTime:0.000040s ]
INFO: [ app_init ] --END-- [ RunTime:0.000772s ]
ERR: 无法加载模块:Uploads

[ 2016-11-16T16:38:31+08:00 ] 127.0.0.1 /Uploads/2016-11-09/5822e6ee2d33a.jpg
INFO: [ app_init ] --START--
INFO: Run Behavior\BuildLiteBehavior [ RunTime:0.000033s ]
INFO: [ app_init ] --END-- [ RunTime:0.000867s ]
ERR: 无法加载模块:Uploads

[ 2016-11-16T16:39:58+08:00 ] 127.0.0.1 /Uploads/2016-11-09/5822e4fc4f2fe.jpg
INFO: [ app_init ] --START--
INFO: Run Behavior\BuildLiteBehavior [ RunTime:0.000022s ]
INFO: [ app_init ] --END-- [ RunTime:0.000506s ]
ERR: 无法加载模块:Uploads

[ 2016-11-16T16:39:58+08:00 ] 127.0.0.1 /Uploads/2016-11-09/5822e6ee2d33a.jpg
INFO: [ app_init ] --START--
INFO: Run Behavior\BuildLiteBehavior [ RunTime:0.000024s ]
INFO: [ app_init ] --END-- [ RunTime:0.000530s ]
ERR: 无法加载模块:Uploads

[ 2016-11-16T16:39:58+08:00 ] 127.0.0.1 /Uploads/2016-11-09/5822cd4a5f30a.jpg
INFO: [ app_init ] --START--
INFO: Run Behavior\BuildLiteBehavior [ RunTime:0.000023s ]
INFO: [ app_init ] --END-- [ RunTime:0.000576s ]
ERR: 无法加载模块:Uploads

[ 2016-11-16T16:39:58+08:00 ] 127.0.0.1 /Uploads/2016-11-09/5822d6039af33.jpg
INFO: [ app_init ] --START--
INFO: Run Behavior\BuildLiteBehavior [ RunTime:0.000030s ]
INFO: [ app_init ] --END-- [ RunTime:0.000642s ]
ERR: 无法加载模块:Uploads

[ 2016-11-16T16:39:58+08:00 ] 127.0.0.1 /Uploads/2016-11-09/5822e003521b9.png
INFO: [ app_init ] --START--
INFO: Run Behavior\BuildLiteBehavior [ RunTime:0.000017s ]
INFO: [ app_init ] --END-- [ RunTime:0.000529s ]
ERR: 无法加载模块:Uploads

[ 2016-11-16T16:40:00+08:00 ] 127.0.0.1 /Uploads/2016-11-09/5822cd4a5f30a.jpg
INFO: [ app_init ] --START--
INFO: Run Behavior\BuildLiteBehavior [ RunTime:0.000021s ]
INFO: [ app_init ] --END-- [ RunTime:0.000491s ]
ERR: 无法加载模块:Uploads

[ 2016-11-16T16:40:00+08:00 ] 127.0.0.1 /Uploads/2016-11-09/5822e003521b9.png
INFO: [ app_init ] --START--
INFO: Run Behavior\BuildLiteBehavior [ RunTime:0.000035s ]
INFO: [ app_init ] --END-- [ RunTime:0.000889s ]
ERR: 无法加载模块:Uploads

[ 2016-11-16T16:40:00+08:00 ] 127.0.0.1 /Uploads/2016-11-09/5822d6039af33.jpg
INFO: [ app_init ] --START--
INFO: Run Behavior\BuildLiteBehavior [ RunTime:0.000025s ]
INFO: [ app_init ] --END-- [ RunTime:0.000728s ]
ERR: 无法加载模块:Uploads

[ 2016-11-16T16:40:00+08:00 ] 127.0.0.1 /Uploads/2016-11-09/5822e4fc4f2fe.jpg
INFO: [ app_init ] --START--
INFO: Run Behavior\BuildLiteBehavior [ RunTime:0.000021s ]
INFO: [ app_init ] --END-- [ RunTime:0.000545s ]
ERR: 无法加载模块:Uploads

[ 2016-11-16T16:43:11+08:00 ] 127.0.0.1 /index.php/Admin/Index/top
INFO: [ app_init ] --START--
INFO: Run Behavior\BuildLiteBehavior [ RunTime:0.000017s ]
INFO: [ app_init ] --END-- [ RunTime:0.000442s ]
ERR: 无法加载模块:Admin

[ 2016-11-16T16:43:20+08:00 ] 127.0.0.1 /Admin/Index/top
INFO: [ app_init ] --START--
INFO: Run Behavior\BuildLiteBehavior [ RunTime:0.000017s ]
INFO: [ app_init ] --END-- [ RunTime:0.000374s ]
ERR: 无法加载模块:Admin

[ 2016-11-16T16:54:08+08:00 ] 127.0.0.1 /Admin/Index/top
INFO: [ app_init ] --START--
INFO: Run Behavior\BuildLiteBehavior [ RunTime:0.000033s ]
INFO: [ app_init ] --END-- [ RunTime:0.000670s ]
ERR: 无法加载模块:Admin

[ 2016-11-16T16:54:40+08:00 ] 127.0.0.1 /Admin/Index/mrnu
INFO: [ app_init ] --START--
INFO: Run Behavior\BuildLiteBehavior [ RunTime:0.000033s ]
INFO: [ app_init ] --END-- [ RunTime:0.000744s ]
ERR: 无法加载模块:Admin

[ 2016-11-16T18:25:11+08:00 ] 127.0.0.1 /favicon.ico
INFO: [ app_init ] --START--
INFO: Run Behavior\BuildLiteBehavior [ RunTime:0.000018s ]
INFO: [ app_init ] --END-- [ RunTime:0.000483s ]
ERR: 无法加载模块:Favicon

[ 2016-11-16T18:31:17+08:00 ] 127.0.0.1 /Uploads/2016-11-09/5822d6039af33.jpg
INFO: [ app_init ] --START--
INFO: Run Behavior\BuildLiteBehavior [ RunTime:0.000042s ]
INFO: [ app_init ] --END-- [ RunTime:0.000805s ]
ERR: 无法加载模块:Uploads

[ 2016-11-16T18:31:17+08:00 ] 127.0.0.1 /Uploads/2016-11-09/5822cd4a5f30a.jpg
INFO: [ app_init ] --START--
INFO: Run Behavior\BuildLiteBehavior [ RunTime:0.000023s ]
INFO: [ app_init ] --END-- [ RunTime:0.000694s ]
ERR: 无法加载模块:Uploads

[ 2016-11-16T18:31:17+08:00 ] 127.0.0.1 /Uploads/2016-11-09/5822e4fc4f2fe.jpg
INFO: [ app_init ] --START--
INFO: Run Behavior\BuildLiteBehavior [ RunTime:0.000022s ]
INFO: [ app_init ] --END-- [ RunTime:0.000714s ]
ERR: 无法加载模块:Uploads

[ 2016-11-16T18:31:17+08:00 ] 127.0.0.1 /Uploads/2016-11-09/5822e003521b9.png
INFO: [ app_init ] --START--
INFO: Run Behavior\BuildLiteBehavior [ RunTime:0.000031s ]
INFO: [ app_init ] --END-- [ RunTime:0.000655s ]
ERR: 无法加载模块:Uploads

[ 2016-11-16T18:31:17+08:00 ] 127.0.0.1 /Uploads/2016-11-09/5822e6ee2d33a.jpg
INFO: [ app_init ] --START--
INFO: Run Behavior\BuildLiteBehavior [ RunTime:0.000027s ]
INFO: [ app_init ] --END-- [ RunTime:0.000701s ]
ERR: 无法加载模块:Uploads

[ 2016-11-16T18:31:19+08:00 ] 127.0.0.1 /Uploads/2016-11-09/5822cd4a5f30a.jpg
INFO: [ app_init ] --START--
INFO: Run Behavior\BuildLiteBehavior [ RunTime:0.000023s ]
INFO: [ app_init ] --END-- [ RunTime:0.000509s ]
ERR: 无法加载模块:Uploads

[ 2016-11-16T18:31:19+08:00 ] 127.0.0.1 /Uploads/2016-11-09/5822d6039af33.jpg
INFO: [ app_init ] --START--
INFO: Run Behavior\BuildLiteBehavior [ RunTime:0.000020s ]
INFO: [ app_init ] --END-- [ RunTime:0.000488s ]
ERR: 无法加载模块:Uploads

[ 2016-11-16T18:31:19+08:00 ] 127.0.0.1 /Uploads/2016-11-09/5822e003521b9.png
INFO: [ app_init ] --START--
INFO: Run Behavior\BuildLiteBehavior [ RunTime:0.000030s ]
INFO: [ app_init ] --END-- [ RunTime:0.000747s ]
ERR: 无法加载模块:Uploads

[ 2016-11-16T18:31:19+08:00 ] 127.0.0.1 /Uploads/2016-11-09/5822e4fc4f2fe.jpg
INFO: [ app_init ] --START--
INFO: Run Behavior\BuildLiteBehavior [ RunTime:0.000021s ]
INFO: [ app_init ] --END-- [ RunTime:0.000570s ]
ERR: 无法加载模块:Uploads

[ 2016-11-16T18:31:19+08:00 ] 127.0.0.1 /Uploads/2016-11-09/5822e6ee2d33a.jpg
INFO: [ app_init ] --START--
INFO: Run Behavior\BuildLiteBehavior [ RunTime:0.000030s ]
INFO: [ app_init ] --END-- [ RunTime:0.000808s ]
ERR: 无法加载模块:Uploads

[ 2016-11-16T18:31:21+08:00 ] 127.0.0.1 /Uploads/2016-11-09/5822e4fc4f2fe.jpg
INFO: [ app_init ] --START--
INFO: Run Behavior\BuildLiteBehavior [ RunTime:0.000024s ]
INFO: [ app_init ] --END-- [ RunTime:0.000624s ]
ERR: 无法加载模块:Uploads

[ 2016-11-16T18:31:21+08:00 ] 127.0.0.1 /Uploads/2016-11-09/5822d6039af33.jpg
INFO: [ app_init ] --START--
INFO: Run Behavior\BuildLiteBehavior [ RunTime:0.000023s ]
INFO: [ app_init ] --END-- [ RunTime:0.000593s ]
ERR: 无法加载模块:Uploads

[ 2016-11-16T18:31:21+08:00 ] 127.0.0.1 /Uploads/2016-11-09/5822e003521b9.png
INFO: [ app_init ] --START--
INFO: Run Behavior\BuildLiteBehavior [ RunTime:0.000045s ]
INFO: [ app_init ] --END-- [ RunTime:0.000627s ]
ERR: 无法加载模块:Uploads

[ 2016-11-16T18:31:21+08:00 ] 127.0.0.1 /Uploads/2016-11-09/5822cd4a5f30a.jpg
INFO: [ app_init ] --START--
INFO: Run Behavior\BuildLiteBehavior [ RunTime:0.000033s ]
INFO: [ app_init ] --END-- [ RunTime:0.000976s ]
ERR: 无法加载模块:Uploads

[ 2016-11-16T18:31:23+08:00 ] 127.0.0.1 /Uploads/2016-11-09/5822e4fc4f2fe.jpg
INFO: [ app_init ] --START--
INFO: Run Behavior\BuildLiteBehavior [ RunTime:0.000024s ]
INFO: [ app_init ] --END-- [ RunTime:0.000627s ]
ERR: 无法加载模块:Uploads

[ 2016-11-16T18:31:23+08:00 ] 127.0.0.1 /Uploads/2016-11-09/5822d6039af33.jpg
INFO: [ app_init ] --START--
INFO: Run Behavior\BuildLiteBehavior [ RunTime:0.000028s ]
INFO: [ app_init ] --END-- [ RunTime:0.000663s ]
ERR: 无法加载模块:Uploads

[ 2016-11-16T18:31:23+08:00 ] 127.0.0.1 /Uploads/2016-11-09/5822cd4a5f30a.jpg
INFO: [ app_init ] --START--
INFO: Run Behavior\BuildLiteBehavior [ RunTime:0.000034s ]
INFO: [ app_init ] --END-- [ RunTime:0.000756s ]
ERR: 无法加载模块:Uploads

[ 2016-11-16T18:31:23+08:00 ] 127.0.0.1 /Uploads/2016-11-09/5822e6ee2d33a.jpg
INFO: [ app_init ] --START--
INFO: Run Behavior\BuildLiteBehavior [ RunTime:0.000028s ]
INFO: [ app_init ] --END-- [ RunTime:0.000609s ]
ERR: 无法加载模块:Uploads

[ 2016-11-16T18:31:23+08:00 ] 127.0.0.1 /Uploads/2016-11-09/5822e003521b9.png
INFO: [ app_init ] --START--
INFO: Run Behavior\BuildLiteBehavior [ RunTime:0.000022s ]
INFO: [ app_init ] --END-- [ RunTime:0.000602s ]
ERR: 无法加载模块:Uploads

[ 2016-11-16T18:31:29+08:00 ] 127.0.0.1 /Uploads/2016-11-09/5822cd4a5f30a.jpg
INFO: [ app_init ] --START--
INFO: Run Behavior\BuildLiteBehavior [ RunTime:0.000025s ]
INFO: [ app_init ] --END-- [ RunTime:0.000537s ]
ERR: 无法加载模块:Uploads

[ 2016-11-16T18:31:29+08:00 ] 127.0.0.1 /Uploads/2016-11-09/5822e4fc4f2fe.jpg
INFO: [ app_init ] --START--
INFO: Run Behavior\BuildLiteBehavior [ RunTime:0.000028s ]
INFO: [ app_init ] --END-- [ RunTime:0.001303s ]
ERR: 无法加载模块:Uploads

[ 2016-11-16T18:31:29+08:00 ] 127.0.0.1 /Uploads/2016-11-09/5822d6039af33.jpg
INFO: [ app_init ] --START--
INFO: Run Behavior\BuildLiteBehavior [ RunTime:0.000025s ]
INFO: [ app_init ] --END-- [ RunTime:0.000706s ]
ERR: 无法加载模块:Uploads

[ 2016-11-16T18:31:29+08:00 ] 127.0.0.1 /Uploads/2016-11-09/5822e6ee2d33a.jpg
INFO: [ app_init ] --START--
INFO: Run Behavior\BuildLiteBehavior [ RunTime:0.000032s ]
INFO: [ app_init ] --END-- [ RunTime:0.000843s ]
ERR: 无法加载模块:Uploads

[ 2016-11-16T18:31:30+08:00 ] 127.0.0.1 /Uploads/2016-11-09/5822d6039af33.jpg
INFO: [ app_init ] --START--
INFO: Run Behavior\BuildLiteBehavior [ RunTime:0.000023s ]
INFO: [ app_init ] --END-- [ RunTime:0.000535s ]
ERR: 无法加载模块:Uploads

[ 2016-11-16T18:31:30+08:00 ] 127.0.0.1 /Uploads/2016-11-09/5822e6ee2d33a.jpg
INFO: [ app_init ] --START--
INFO: Run Behavior\BuildLiteBehavior [ RunTime:0.000024s ]
INFO: [ app_init ] --END-- [ RunTime:0.000562s ]
ERR: 无法加载模块:Uploads

[ 2016-11-16T18:31:30+08:00 ] 127.0.0.1 /Uploads/2016-11-09/5822e4fc4f2fe.jpg
INFO: [ app_init ] --START--
INFO: Run Behavior\BuildLiteBehavior [ RunTime:0.000032s ]
INFO: [ app_init ] --END-- [ RunTime:0.000650s ]
ERR: 无法加载模块:Uploads

[ 2016-11-16T18:31:30+08:00 ] 127.0.0.1 /Uploads/2016-11-09/5822e003521b9.png
INFO: [ app_init ] --START--
INFO: Run Behavior\BuildLiteBehavior [ RunTime:0.000031s ]
INFO: [ app_init ] --END-- [ RunTime:0.000713s ]
ERR: 无法加载模块:Uploads

[ 2016-11-16T18:31:30+08:00 ] 127.0.0.1 /Uploads/2016-11-09/5822cd4a5f30a.jpg
INFO: [ app_init ] --START--
INFO: Run Behavior\BuildLiteBehavior [ RunTime:0.000019s ]
INFO: [ app_init ] --END-- [ RunTime:0.000490s ]
ERR: 无法加载模块:Uploads

[ 2016-11-16T18:50:40+08:00 ] 127.0.0.1 /Uploads/2016-11-09/5822e4fc4f2fe.jpg
INFO: [ app_init ] --START--
INFO: Run Behavior\BuildLiteBehavior [ RunTime:0.000023s ]
INFO: [ app_init ] --END-- [ RunTime:0.000547s ]
ERR: 无法加载模块:Uploads

[ 2016-11-16T18:50:40+08:00 ] 127.0.0.1 /Uploads/2016-11-09/5822d6039af33.jpg
INFO: [ app_init ] --START--
INFO: Run Behavior\BuildLiteBehavior [ RunTime:0.000023s ]
INFO: [ app_init ] --END-- [ RunTime:0.000616s ]
ERR: 无法加载模块:Uploads

[ 2016-11-16T18:50:40+08:00 ] 127.0.0.1 /Uploads/2016-11-09/5822e6ee2d33a.jpg
INFO: [ app_init ] --START--
INFO: Run Behavior\BuildLiteBehavior [ RunTime:0.000023s ]
INFO: [ app_init ] --END-- [ RunTime:0.000605s ]
ERR: 无法加载模块:Uploads

[ 2016-11-16T18:50:40+08:00 ] 127.0.0.1 /Uploads/2016-11-09/5822cd4a5f30a.jpg
INFO: [ app_init ] --START--
INFO: Run Behavior\BuildLiteBehavior [ RunTime:0.000032s ]
INFO: [ app_init ] --END-- [ RunTime:0.000883s ]
ERR: 无法加载模块:Uploads

[ 2016-11-16T18:50:40+08:00 ] 127.0.0.1 /Uploads/2016-11-09/5822e003521b9.png
INFO: [ app_init ] --START--
INFO: Run Behavior\BuildLiteBehavior [ RunTime:0.000027s ]
INFO: [ app_init ] --END-- [ RunTime:0.000704s ]
ERR: 无法加载模块:Uploads

[ 2016-11-16T18:50:42+08:00 ] 127.0.0.1 /Uploads/2016-11-09/5822e4fc4f2fe.jpg
INFO: [ app_init ] --START--
INFO: Run Behavior\BuildLiteBehavior [ RunTime:0.000025s ]
INFO: [ app_init ] --END-- [ RunTime:0.000533s ]
ERR: 无法加载模块:Uploads

[ 2016-11-16T18:50:42+08:00 ] 127.0.0.1 /Uploads/2016-11-09/5822e003521b9.png
INFO: [ app_init ] --START--
INFO: Run Behavior\BuildLiteBehavior [ RunTime:0.000173s ]
INFO: [ app_init ] --END-- [ RunTime:0.001048s ]
ERR: 无法加载模块:Uploads

[ 2016-11-16T18:50:42+08:00 ] 127.0.0.1 /Uploads/2016-11-09/5822cd4a5f30a.jpg
INFO: [ app_init ] --START--
INFO: Run Behavior\BuildLiteBehavior [ RunTime:0.000027s ]
INFO: [ app_init ] --END-- [ RunTime:0.000671s ]
ERR: 无法加载模块:Uploads

[ 2016-11-16T18:50:42+08:00 ] 127.0.0.1 /Uploads/2016-11-09/5822e6ee2d33a.jpg
INFO: [ app_init ] --START--
INFO: Run Behavior\BuildLiteBehavior [ RunTime:0.000145s ]
INFO: [ app_init ] --END-- [ RunTime:0.001341s ]
ERR: 无法加载模块:Uploads

[ 2016-11-16T18:50:42+08:00 ] 127.0.0.1 /Uploads/2016-11-09/5822d6039af33.jpg
INFO: [ app_init ] --START--
INFO: Run Behavior\BuildLiteBehavior [ RunTime:0.000029s ]
INFO: [ app_init ] --END-- [ RunTime:0.000829s ]
ERR: 无法加载模块:Uploads

[ 2016-11-16T18:50:45+08:00 ] 127.0.0.1 /Uploads/2016-11-09/5822e4fc4f2fe.jpg
INFO: [ app_init ] --START--
INFO: Run Behavior\BuildLiteBehavior [ RunTime:0.000025s ]
INFO: [ app_init ] --END-- [ RunTime:0.000568s ]
ERR: 无法加载模块:Uploads

[ 2016-11-16T18:50:45+08:00 ] 127.0.0.1 /Uploads/2016-11-09/5822d6039af33.jpg
INFO: [ app_init ] --START--
INFO: Run Behavior\BuildLiteBehavior [ RunTime:0.000023s ]
INFO: [ app_init ] --END-- [ RunTime:0.000508s ]
ERR: 无法加载模块:Uploads

[ 2016-11-16T18:50:45+08:00 ] 127.0.0.1 /Uploads/2016-11-09/5822cd4a5f30a.jpg
INFO: [ app_init ] --START--
INFO: Run Behavior\BuildLiteBehavior [ RunTime:0.000077s ]
INFO: [ app_init ] --END-- [ RunTime:0.001256s ]
ERR: 无法加载模块:Uploads

[ 2016-11-16T18:50:45+08:00 ] 127.0.0.1 /Uploads/2016-11-09/5822e6ee2d33a.jpg
INFO: [ app_init ] --START--
INFO: Run Behavior\BuildLiteBehavior [ RunTime:0.000028s ]
INFO: [ app_init ] --END-- [ RunTime:0.000621s ]
ERR: 无法加载模块:Uploads

[ 2016-11-16T18:50:45+08:00 ] 127.0.0.1 /Uploads/2016-11-09/5822e003521b9.png
INFO: [ app_init ] --START--
INFO: Run Behavior\BuildLiteBehavior [ RunTime:0.000016s ]
INFO: [ app_init ] --END-- [ RunTime:0.000399s ]
ERR: 无法加载模块:Uploads

[ 2016-11-16T18:50:46+08:00 ] 127.0.0.1 /Uploads/2016-11-09/5822d6039af33.jpg
INFO: [ app_init ] --START--
INFO: Run Behavior\BuildLiteBehavior [ RunTime:0.000025s ]
INFO: [ app_init ] --END-- [ RunTime:0.000534s ]
ERR: 无法加载模块:Uploads

[ 2016-11-16T18:50:46+08:00 ] 127.0.0.1 /Uploads/2016-11-09/5822e4fc4f2fe.jpg
INFO: [ app_init ] --START--
INFO: Run Behavior\BuildLiteBehavior [ RunTime:0.000025s ]
INFO: [ app_init ] --END-- [ RunTime:0.000641s ]
ERR: 无法加载模块:Uploads

[ 2016-11-16T18:50:46+08:00 ] 127.0.0.1 /Uploads/2016-11-09/5822e6ee2d33a.jpg
INFO: [ app_init ] --START--
INFO: Run Behavior\BuildLiteBehavior [ RunTime:0.000030s ]
INFO: [ app_init ] --END-- [ RunTime:0.000654s ]
ERR: 无法加载模块:Uploads

[ 2016-11-16T18:50:46+08:00 ] 127.0.0.1 /Uploads/2016-11-09/5822cd4a5f30a.jpg
INFO: [ app_init ] --START--
INFO: Run Behavior\BuildLiteBehavior [ RunTime:0.000037s ]
INFO: [ app_init ] --END-- [ RunTime:0.001082s ]
ERR: 无法加载模块:Uploads

[ 2016-11-16T18:50:46+08:00 ] 127.0.0.1 /Uploads/2016-11-09/5822e003521b9.png
INFO: [ app_init ] --START--
INFO: Run Behavior\BuildLiteBehavior [ RunTime:0.000016s ]
INFO: [ app_init ] --END-- [ RunTime:0.000485s ]
ERR: 无法加载模块:Uploads

[ 2016-11-16T18:56:26+08:00 ] 127.0.0.1 /Uploads/2016-11-09/5822e4fc4f2fe.jpg
INFO: [ app_init ] --START--
INFO: Run Behavior\BuildLiteBehavior [ RunTime:0.000021s ]
INFO: [ app_init ] --END-- [ RunTime:0.000497s ]
ERR: 无法加载模块:Uploads

[ 2016-11-16T18:56:26+08:00 ] 127.0.0.1 /Uploads/2016-11-09/5822e6ee2d33a.jpg
INFO: [ app_init ] --START--
INFO: Run Behavior\BuildLiteBehavior [ RunTime:0.000023s ]
INFO: [ app_init ] --END-- [ RunTime:0.000564s ]
ERR: 无法加载模块:Uploads

[ 2016-11-16T18:56:26+08:00 ] 127.0.0.1 /Uploads/2016-11-09/5822d6039af33.jpg
INFO: [ app_init ] --START--
INFO: Run Behavior\BuildLiteBehavior [ RunTime:0.000027s ]
INFO: [ app_init ] --END-- [ RunTime:0.000635s ]
ERR: 无法加载模块:Uploads

[ 2016-11-16T18:56:26+08:00 ] 127.0.0.1 /Uploads/2016-11-09/5822e003521b9.png
INFO: [ app_init ] --START--
INFO: Run Behavior\BuildLiteBehavior [ RunTime:0.000028s ]
INFO: [ app_init ] --END-- [ RunTime:0.000684s ]
ERR: 无法加载模块:Uploads

[ 2016-11-16T18:56:26+08:00 ] 127.0.0.1 /Uploads/2016-11-09/5822cd4a5f30a.jpg
INFO: [ app_init ] --START--
INFO: Run Behavior\BuildLiteBehavior [ RunTime:0.000032s ]
INFO: [ app_init ] --END-- [ RunTime:0.002161s ]
ERR: 无法加载模块:Uploads

[ 2016-11-16T18:56:39+08:00 ] 127.0.0.1 /Uploads/2016-11-09/5822cd4a5f30a.jpg
INFO: [ app_init ] --START--
INFO: Run Behavior\BuildLiteBehavior [ RunTime:0.000022s ]
INFO: [ app_init ] --END-- [ RunTime:0.000614s ]
ERR: 无法加载模块:Uploads

[ 2016-11-16T18:56:39+08:00 ] 127.0.0.1 /Uploads/2016-11-09/5822e003521b9.png
INFO: [ app_init ] --START--
INFO: Run Behavior\BuildLiteBehavior [ RunTime:0.000024s ]
INFO: [ app_init ] --END-- [ RunTime:0.000620s ]
ERR: 无法加载模块:Uploads

[ 2016-11-16T18:56:39+08:00 ] 127.0.0.1 /Uploads/2016-11-09/5822e4fc4f2fe.jpg
INFO: [ app_init ] --START--
INFO: Run Behavior\BuildLiteBehavior [ RunTime:0.000035s ]
INFO: [ app_init ] --END-- [ RunTime:0.000638s ]
ERR: 无法加载模块:Uploads

[ 2016-11-16T18:56:39+08:00 ] 127.0.0.1 /Uploads/2016-11-09/5822d6039af33.jpg
INFO: [ app_init ] --START--
INFO: Run Behavior\BuildLiteBehavior [ RunTime:0.000040s ]
INFO: [ app_init ] --END-- [ RunTime:0.003795s ]
ERR: 无法加载模块:Uploads

[ 2016-11-16T18:56:39+08:00 ] 127.0.0.1 /Uploads/2016-11-09/5822e6ee2d33a.jpg
INFO: [ app_init ] --START--
INFO: Run Behavior\BuildLiteBehavior [ RunTime:0.000021s ]
INFO: [ app_init ] --END-- [ RunTime:0.000501s ]
ERR: 无法加载模块:Uploads

[ 2016-11-16T19:16:35+08:00 ] 127.0.0.1 /Public/Home/img/uploadify-cancel.png
INFO: [ app_init ] --START--
INFO: Run Behavior\BuildLiteBehavior [ RunTime:0.000015s ]
INFO: [ app_init ] --END-- [ RunTime:0.000406s ]
ERR: 无法加载模块:Public

